{"D:\\DESENVOLVIMENTO\\MEUS PROJETOS\\FIT-TRACKER\\sistema\\lib\\security.ts": {"path":"D:\\DESENVOLVIMENTO\\MEUS PROJETOS\\FIT-TRACKER\\sistema\\lib\\security.ts","statementMap":{"0":{"start":{"line":7,"column":24},"end":{"line":11,"column":null}},"1":{"start":{"line":8,"column":4},"end":{"line":8,"column":null}},"2":{"start":{"line":8,"column":43},"end":{"line":8,"column":null}},"3":{"start":{"line":10,"column":4},"end":{"line":10,"column":null}},"4":{"start":{"line":18,"column":30},"end":{"line":23,"column":null}},"5":{"start":{"line":25,"column":20},"end":{"line":30,"column":null}},"6":{"start":{"line":32,"column":19},"end":{"line":35,"column":null}},"7":{"start":{"line":35,"column":22},"end":{"line":35,"column":42}},"8":{"start":{"line":38,"column":27},"end":{"line":41,"column":null}},"9":{"start":{"line":43,"column":28},"end":{"line":51,"column":null}},"10":{"start":{"line":48,"column":20},"end":{"line":48,"column":65}},"11":{"start":{"line":53,"column":35},"end":{"line":56,"column":null}},"12":{"start":{"line":58,"column":36},"end":{"line":60,"column":null}},"13":{"start":{"line":62,"column":29},"end":{"line":62,"column":null}},"14":{"start":{"line":65,"column":29},"end":{"line":72,"column":null}},"15":{"start":{"line":79,"column":4},"end":{"line":79,"column":null}},"16":{"start":{"line":82,"column":20},"end":{"line":82,"column":null}},"17":{"start":{"line":83,"column":25},"end":{"line":83,"column":null}},"18":{"start":{"line":85,"column":8},"end":{"line":87,"column":null}},"19":{"start":{"line":86,"column":12},"end":{"line":86,"column":null}},"20":{"start":{"line":89,"column":8},"end":{"line":89,"column":null}},"21":{"start":{"line":90,"column":8},"end":{"line":90,"column":null}},"22":{"start":{"line":94,"column":8},"end":{"line":94,"column":null}},"23":{"start":{"line":98,"column":23},"end":{"line":98,"column":null}},"24":{"start":{"line":99,"column":30},"end":{"line":99,"column":null}},"25":{"start":{"line":99,"column":65},"end":{"line":99,"column":null}},"26":{"start":{"line":104,"column":21},"end":{"line":132,"column":null}},"27":{"start":{"line":105,"column":4},"end":{"line":105,"column":null}},"28":{"start":{"line":105,"column":15},"end":{"line":105,"column":null}},"29":{"start":{"line":107,"column":4},"end":{"line":111,"column":null}},"30":{"start":{"line":108,"column":8},"end":{"line":110,"column":null}},"31":{"start":{"line":113,"column":4},"end":{"line":115,"column":null}},"32":{"start":{"line":114,"column":8},"end":{"line":114,"column":null}},"33":{"start":{"line":117,"column":4},"end":{"line":129,"column":null}},"34":{"start":{"line":118,"column":48},"end":{"line":118,"column":null}},"35":{"start":{"line":119,"column":30},"end":{"line":119,"column":null}},"36":{"start":{"line":121,"column":8},"end":{"line":127,"column":null}},"37":{"start":{"line":122,"column":12},"end":{"line":126,"column":null}},"38":{"start":{"line":122,"column":41},"end":{"line":122,"column":71}},"39":{"start":{"line":123,"column":16},"end":{"line":123,"column":null}},"40":{"start":{"line":125,"column":16},"end":{"line":125,"column":null}},"41":{"start":{"line":128,"column":8},"end":{"line":128,"column":null}},"42":{"start":{"line":131,"column":4},"end":{"line":131,"column":null}},"43":{"start":{"line":137,"column":28},"end":{"line":140,"column":null}},"44":{"start":{"line":139,"column":4},"end":{"line":139,"column":null}},"45":{"start":{"line":143,"column":25},"end":{"line":143,"column":null}}},"fnMap":{"0":{"name":"(anonymous_0)","decl":{"start":{"line":7,"column":24},"end":{"line":7,"column":25}},"loc":{"start":{"line":7,"column":50},"end":{"line":11,"column":null}},"line":7},"1":{"name":"(anonymous_1)","decl":{"start":{"line":35,"column":15},"end":{"line":35,"column":22}},"loc":{"start":{"line":35,"column":22},"end":{"line":35,"column":42}},"line":35},"2":{"name":"(anonymous_2)","decl":{"start":{"line":48,"column":10},"end":{"line":48,"column":11}},"loc":{"start":{"line":48,"column":20},"end":{"line":48,"column":65}},"line":48},"3":{"name":"(anonymous_3)","decl":{"start":{"line":78,"column":0},"end":{"line":78,"column":6}},"loc":{"start":{"line":78,"column":0},"end":{"line":79,"column":null}},"line":78},"4":{"name":"(anonymous_4)","decl":{"start":{"line":81,"column":4},"end":{"line":81,"column":10}},"loc":{"start":{"line":81,"column":56},"end":{"line":91,"column":null}},"line":81},"5":{"name":"(anonymous_5)","decl":{"start":{"line":93,"column":4},"end":{"line":93,"column":10}},"loc":{"start":{"line":93,"column":23},"end":{"line":95,"column":null}},"line":93},"6":{"name":"(anonymous_6)","decl":{"start":{"line":99,"column":30},"end":{"line":99,"column":31}},"loc":{"start":{"line":99,"column":65},"end":{"line":99,"column":null}},"line":99},"7":{"name":"(anonymous_7)","decl":{"start":{"line":104,"column":21},"end":{"line":104,"column":22}},"loc":{"start":{"line":104,"column":49},"end":{"line":132,"column":null}},"line":104},"8":{"name":"(anonymous_8)","decl":{"start":{"line":122,"column":35},"end":{"line":122,"column":41}},"loc":{"start":{"line":122,"column":41},"end":{"line":122,"column":71}},"line":122},"9":{"name":"(anonymous_9)","decl":{"start":{"line":137,"column":28},"end":{"line":137,"column":34}},"loc":{"start":{"line":137,"column":34},"end":{"line":140,"column":null}},"line":137}},"branchMap":{"0":{"loc":{"start":{"line":8,"column":4},"end":{"line":8,"column":null}},"type":"if","locations":[{"start":{"line":8,"column":4},"end":{"line":8,"column":null}},{"start":{},"end":{}}],"line":8},"1":{"loc":{"start":{"line":8,"column":8},"end":{"line":8,"column":43}},"type":"binary-expr","locations":[{"start":{"line":8,"column":8},"end":{"line":8,"column":17}},{"start":{"line":8,"column":17},"end":{"line":8,"column":43}}],"line":8},"2":{"loc":{"start":{"line":81,"column":23},"end":{"line":81,"column":56}},"type":"default-arg","locations":[{"start":{"line":81,"column":41},"end":{"line":81,"column":56}}],"line":81},"3":{"loc":{"start":{"line":83,"column":25},"end":{"line":83,"column":null}},"type":"binary-expr","locations":[{"start":{"line":83,"column":25},"end":{"line":83,"column":49}},{"start":{"line":83,"column":49},"end":{"line":83,"column":null}}],"line":83},"4":{"loc":{"start":{"line":85,"column":8},"end":{"line":87,"column":null}},"type":"if","locations":[{"start":{"line":85,"column":8},"end":{"line":87,"column":null}},{"start":{},"end":{}}],"line":85},"5":{"loc":{"start":{"line":105,"column":4},"end":{"line":105,"column":null}},"type":"if","locations":[{"start":{"line":105,"column":4},"end":{"line":105,"column":null}},{"start":{},"end":{}}],"line":105},"6":{"loc":{"start":{"line":107,"column":4},"end":{"line":111,"column":null}},"type":"if","locations":[{"start":{"line":107,"column":4},"end":{"line":111,"column":null}},{"start":{},"end":{}}],"line":107},"7":{"loc":{"start":{"line":113,"column":4},"end":{"line":115,"column":null}},"type":"if","locations":[{"start":{"line":113,"column":4},"end":{"line":115,"column":null}},{"start":{},"end":{}}],"line":113},"8":{"loc":{"start":{"line":117,"column":4},"end":{"line":129,"column":null}},"type":"if","locations":[{"start":{"line":117,"column":4},"end":{"line":129,"column":null}},{"start":{},"end":{}}],"line":117},"9":{"loc":{"start":{"line":117,"column":8},"end":{"line":117,"column":42}},"type":"binary-expr","locations":[{"start":{"line":117,"column":8},"end":{"line":117,"column":16}},{"start":{"line":117,"column":16},"end":{"line":117,"column":42}}],"line":117},"10":{"loc":{"start":{"line":122,"column":12},"end":{"line":126,"column":null}},"type":"if","locations":[{"start":{"line":122,"column":12},"end":{"line":126,"column":null}},{"start":{"line":124,"column":19},"end":{"line":126,"column":null}}],"line":122}},"s":{"0":1,"1":3,"2":1,"3":2,"4":1,"5":1,"6":1,"7":0,"8":1,"9":1,"10":0,"11":1,"12":1,"13":1,"14":1,"15":1,"16":5,"17":5,"18":5,"19":3,"20":2,"21":2,"22":0,"23":1,"24":1,"25":5,"26":1,"27":12,"28":2,"29":10,"30":4,"31":6,"32":1,"33":5,"34":3,"35":3,"36":3,"37":6,"38":34,"39":4,"40":2,"41":3,"42":2,"43":1,"44":0,"45":1},"f":{"0":3,"1":0,"2":0,"3":1,"4":5,"5":0,"6":5,"7":12,"8":34,"9":0},"b":{"0":[1,2],"1":[3,2],"2":[5],"3":[5,1],"4":[3,2],"5":[2,10],"6":[4,6],"7":[1,5],"8":[3,2],"9":[5,5],"10":[4,2]},"meta":{"lastBranch":11,"lastFunction":10,"lastStatement":46,"seen":{"s:7:24:11:Infinity":0,"f:7:24:7:25":0,"b:8:4:8:Infinity:undefined:undefined:undefined:undefined":0,"s:8:4:8:Infinity":1,"b:8:8:8:17:8:17:8:43":1,"s:8:43:8:Infinity":2,"s:10:4:10:Infinity":3,"s:18:30:23:Infinity":4,"s:25:20:30:Infinity":5,"s:32:19:35:Infinity":6,"f:35:15:35:22":1,"s:35:22:35:42":7,"s:38:27:41:Infinity":8,"s:43:28:51:Infinity":9,"f:48:10:48:11":2,"s:48:20:48:65":10,"s:53:35:56:Infinity":11,"s:58:36:60:Infinity":12,"s:62:29:62:Infinity":13,"s:65:29:72:Infinity":14,"f:78:0:78:6":3,"s:79:4:79:Infinity":15,"f:81:4:81:10":4,"b:81:41:81:56":2,"s:82:20:82:Infinity":16,"s:83:25:83:Infinity":17,"b:83:25:83:49:83:49:83:Infinity":3,"b:85:8:87:Infinity:undefined:undefined:undefined:undefined":4,"s:85:8:87:Infinity":18,"s:86:12:86:Infinity":19,"s:89:8:89:Infinity":20,"s:90:8:90:Infinity":21,"f:93:4:93:10":5,"s:94:8:94:Infinity":22,"s:98:23:98:Infinity":23,"s:99:30:99:Infinity":24,"f:99:30:99:31":6,"s:99:65:99:Infinity":25,"s:104:21:132:Infinity":26,"f:104:21:104:22":7,"b:105:4:105:Infinity:undefined:undefined:undefined:undefined":5,"s:105:4:105:Infinity":27,"s:105:15:105:Infinity":28,"b:107:4:111:Infinity:undefined:undefined:undefined:undefined":6,"s:107:4:111:Infinity":29,"s:108:8:110:Infinity":30,"b:113:4:115:Infinity:undefined:undefined:undefined:undefined":7,"s:113:4:115:Infinity":31,"s:114:8:114:Infinity":32,"b:117:4:129:Infinity:undefined:undefined:undefined:undefined":8,"s:117:4:129:Infinity":33,"b:117:8:117:16:117:16:117:42":9,"s:118:48:118:Infinity":34,"s:119:30:119:Infinity":35,"s:121:8:127:Infinity":36,"b:122:12:126:Infinity:124:19:126:Infinity":10,"s:122:12:126:Infinity":37,"f:122:35:122:41":8,"s:122:41:122:71":38,"s:123:16:123:Infinity":39,"s:125:16:125:Infinity":40,"s:128:8:128:Infinity":41,"s:131:4:131:Infinity":42,"s:137:28:140:Infinity":43,"f:137:28:137:34":9,"s:139:4:139:Infinity":44,"s:143:25:143:Infinity":45}}}
}
