{"D:\\DESENVOLVIMENTO\\MEUS PROJETOS\\FIT-TRACKER\\sistema\\types.ts": {"path":"D:\\DESENVOLVIMENTO\\MEUS PROJETOS\\FIT-TRACKER\\sistema\\types.ts","statementMap":{"0":{"start":{"line":134,"column":7},"end":{"line":134,"column":null}},"1":{"start":{"line":135,"column":2},"end":{"line":135,"column":null}},"2":{"start":{"line":136,"column":2},"end":{"line":136,"column":null}},"3":{"start":{"line":137,"column":2},"end":{"line":137,"column":null}},"4":{"start":{"line":134,"column":12},"end":{"line":134,"column":null}}},"fnMap":{"0":{"name":"(anonymous_0)","decl":{"start":{"line":134,"column":7},"end":{"line":134,"column":12}},"loc":{"start":{"line":134,"column":7},"end":{"line":134,"column":null}},"line":134}},"branchMap":{"0":{"loc":{"start":{"line":134,"column":12},"end":{"line":134,"column":null}},"type":"binary-expr","locations":[{"start":{"line":134,"column":12},"end":{"line":134,"column":null}},{"start":{"line":134,"column":12},"end":{"line":134,"column":null}}],"line":134}},"s":{"0":3,"1":3,"2":3,"3":3,"4":3},"f":{"0":3},"b":{"0":[3,3]},"meta":{"lastBranch":1,"lastFunction":1,"lastStatement":5,"seen":{"s:134:7:134:Infinity":0,"f:134:7:134:12":0,"s:135:2:135:Infinity":1,"s:136:2:136:Infinity":2,"s:137:2:137:Infinity":3,"s:134:12:134:Infinity":4,"b:134:12:134:Infinity:134:12:134:Infinity":0}}}
,"D:\\DESENVOLVIMENTO\\MEUS PROJETOS\\FIT-TRACKER\\sistema\\components\\GlobalErrorBoundary.tsx": {"path":"D:\\DESENVOLVIMENTO\\MEUS PROJETOS\\FIT-TRACKER\\sistema\\components\\GlobalErrorBoundary.tsx","statementMap":{"0":{"start":{"line":13,"column":7},"end":{"line":13,"column":13}},"1":{"start":{"line":14,"column":4},"end":{"line":17,"column":null}},"2":{"start":{"line":20,"column":8},"end":{"line":20,"column":null}},"3":{"start":{"line":24,"column":8},"end":{"line":24,"column":null}},"4":{"start":{"line":25,"column":8},"end":{"line":25,"column":null}},"5":{"start":{"line":29,"column":8},"end":{"line":56,"column":null}},"6":{"start":{"line":30,"column":12},"end":{"line":54,"column":null}},"7":{"start":{"line":47,"column":47},"end":{"line":47,"column":null}},"8":{"start":{"line":58,"column":8},"end":{"line":58,"column":null}}},"fnMap":{"0":{"name":"(anonymous_0)","decl":{"start":{"line":13,"column":7},"end":{"line":13,"column":13}},"loc":{"start":{"line":13,"column":7},"end":{"line":17,"column":null}},"line":13},"1":{"name":"(anonymous_1)","decl":{"start":{"line":19,"column":18},"end":{"line":19,"column":43}},"loc":{"start":{"line":19,"column":64},"end":{"line":21,"column":null}},"line":19},"2":{"name":"(anonymous_2)","decl":{"start":{"line":23,"column":11},"end":{"line":23,"column":29}},"loc":{"start":{"line":23,"column":65},"end":{"line":26,"column":null}},"line":23},"3":{"name":"(anonymous_3)","decl":{"start":{"line":28,"column":11},"end":{"line":28,"column":20}},"loc":{"start":{"line":28,"column":20},"end":{"line":59,"column":null}},"line":28},"4":{"name":"(anonymous_4)","decl":{"start":{"line":47,"column":41},"end":{"line":47,"column":47}},"loc":{"start":{"line":47,"column":47},"end":{"line":47,"column":null}},"line":47}},"branchMap":{"0":{"loc":{"start":{"line":29,"column":8},"end":{"line":56,"column":null}},"type":"if","locations":[{"start":{"line":29,"column":8},"end":{"line":56,"column":null}},{"start":{},"end":{}}],"line":29}},"s":{"0":6,"1":6,"2":4,"3":2,"4":2,"5":9,"6":4,"7":1,"8":5},"f":{"0":6,"1":1,"2":2,"3":9,"4":1},"b":{"0":[4,5]},"meta":{"lastBranch":1,"lastFunction":5,"lastStatement":9,"seen":{"f:13:7:13:13":0,"s:13:7:13:13":0,"s:14:4:17:Infinity":1,"f:19:18:19:43":1,"s:20:8:20:Infinity":2,"f:23:11:23:29":2,"s:24:8:24:Infinity":3,"s:25:8:25:Infinity":4,"f:28:11:28:20":3,"b:29:8:56:Infinity:undefined:undefined:undefined:undefined":0,"s:29:8:56:Infinity":5,"s:30:12:54:Infinity":6,"f:47:41:47:47":4,"s:47:47:47:Infinity":7,"s:58:8:58:Infinity":8}}}
,"D:\\DESENVOLVIMENTO\\MEUS PROJETOS\\FIT-TRACKER\\sistema\\components\\Layout.tsx": {"path":"D:\\DESENVOLVIMENTO\\MEUS PROJETOS\\FIT-TRACKER\\sistema\\components\\Layout.tsx","statementMap":{"0":{"start":{"line":10,"column":25},"end":{"line":84,"column":null}},"1":{"start":{"line":11,"column":46},"end":{"line":11,"column":null}},"2":{"start":{"line":12,"column":8},"end":{"line":12,"column":null}},"3":{"start":{"line":13,"column":26},"end":{"line":13,"column":null}},"4":{"start":{"line":15,"column":28},"end":{"line":17,"column":null}},"5":{"start":{"line":16,"column":4},"end":{"line":16,"column":null}},"6":{"start":{"line":19,"column":2},"end":{"line":82,"column":null}},"7":{"start":{"line":27,"column":23},"end":{"line":27,"column":null}},"8":{"start":{"line":31,"column":24},"end":{"line":31,"column":null}},"9":{"start":{"line":33,"column":38},"end":{"line":33,"column":66}},"10":{"start":{"line":41,"column":32},"end":{"line":41,"column":47}},"11":{"start":{"line":58,"column":29},"end":{"line":58,"column":null}},"12":{"start":{"line":66,"column":29},"end":{"line":66,"column":null}},"13":{"start":{"line":81,"column":32},"end":{"line":81,"column":78}}},"fnMap":{"0":{"name":"(anonymous_0)","decl":{"start":{"line":10,"column":25},"end":{"line":10,"column":31}},"loc":{"start":{"line":10,"column":31},"end":{"line":84,"column":null}},"line":10},"1":{"name":"(anonymous_1)","decl":{"start":{"line":15,"column":28},"end":{"line":15,"column":34}},"loc":{"start":{"line":15,"column":34},"end":{"line":17,"column":null}},"line":15},"2":{"name":"(anonymous_2)","decl":{"start":{"line":27,"column":17},"end":{"line":27,"column":23}},"loc":{"start":{"line":27,"column":23},"end":{"line":27,"column":null}},"line":27},"3":{"name":"(anonymous_3)","decl":{"start":{"line":31,"column":19},"end":{"line":31,"column":24}},"loc":{"start":{"line":31,"column":24},"end":{"line":31,"column":null}},"line":31},"4":{"name":"(anonymous_4)","decl":{"start":{"line":33,"column":32},"end":{"line":33,"column":38}},"loc":{"start":{"line":33,"column":38},"end":{"line":33,"column":66}},"line":33},"5":{"name":"(anonymous_5)","decl":{"start":{"line":41,"column":26},"end":{"line":41,"column":32}},"loc":{"start":{"line":41,"column":32},"end":{"line":41,"column":47}},"line":41},"6":{"name":"(anonymous_6)","decl":{"start":{"line":58,"column":23},"end":{"line":58,"column":29}},"loc":{"start":{"line":58,"column":29},"end":{"line":58,"column":null}},"line":58},"7":{"name":"(anonymous_7)","decl":{"start":{"line":66,"column":23},"end":{"line":66,"column":29}},"loc":{"start":{"line":66,"column":29},"end":{"line":66,"column":null}},"line":66},"8":{"name":"(anonymous_8)","decl":{"start":{"line":81,"column":26},"end":{"line":81,"column":32}},"loc":{"start":{"line":81,"column":32},"end":{"line":81,"column":78}},"line":81}},"branchMap":{"0":{"loc":{"start":{"line":16,"column":13},"end":{"line":16,"column":60}},"type":"cond-expr","locations":[{"start":{"line":16,"column":36},"end":{"line":16,"column":50}},{"start":{"line":16,"column":50},"end":{"line":16,"column":60}}],"line":16},"1":{"loc":{"start":{"line":26,"column":112},"end":{"line":26,"column":178}},"type":"cond-expr","locations":[{"start":{"line":26,"column":131},"end":{"line":26,"column":147}},{"start":{"line":26,"column":147},"end":{"line":26,"column":178}}],"line":26},"2":{"loc":{"start":{"line":30,"column":152},"end":{"line":30,"column":208}},"type":"cond-expr","locations":[{"start":{"line":30,"column":171},"end":{"line":30,"column":189}},{"start":{"line":30,"column":189},"end":{"line":30,"column":208}}],"line":30},"3":{"loc":{"start":{"line":54,"column":17},"end":{"line":54,"column":null}},"type":"cond-expr","locations":[{"start":{"line":54,"column":40},"end":{"line":54,"column":55}},{"start":{"line":54,"column":55},"end":{"line":54,"column":null}}],"line":54}},"s":{"0":1,"1":4,"2":4,"3":4,"4":4,"5":1,"6":4,"7":0,"8":0,"9":0,"10":0,"11":0,"12":1,"13":0},"f":{"0":4,"1":1,"2":0,"3":0,"4":0,"5":0,"6":0,"7":1,"8":0},"b":{"0":[1,0],"1":[1,3],"2":[1,3],"3":[4,0]},"meta":{"lastBranch":4,"lastFunction":9,"lastStatement":14,"seen":{"s:10:25:84:Infinity":0,"f:10:25:10:31":0,"s:11:46:11:Infinity":1,"s:12:8:12:Infinity":2,"s:13:26:13:Infinity":3,"s:15:28:17:Infinity":4,"f:15:28:15:34":1,"s:16:4:16:Infinity":5,"b:16:36:16:50:16:50:16:60":0,"s:19:2:82:Infinity":6,"b:26:131:26:147:26:147:26:178":1,"f:27:17:27:23":2,"s:27:23:27:Infinity":7,"b:30:171:30:189:30:189:30:208":2,"f:31:19:31:24":3,"s:31:24:31:Infinity":8,"f:33:32:33:38":4,"s:33:38:33:66":9,"f:41:26:41:32":5,"s:41:32:41:47":10,"b:54:40:54:55:54:55:54:Infinity":3,"f:58:23:58:29":6,"s:58:29:58:Infinity":11,"f:66:23:66:29":7,"s:66:29:66:Infinity":12,"f:81:26:81:32":8,"s:81:32:81:78":13}}}
,"D:\\DESENVOLVIMENTO\\MEUS PROJETOS\\FIT-TRACKER\\sistema\\components\\ProtectedRoute.tsx": {"path":"D:\\DESENVOLVIMENTO\\MEUS PROJETOS\\FIT-TRACKER\\sistema\\components\\ProtectedRoute.tsx","statementMap":{"0":{"start":{"line":5,"column":64},"end":{"line":23,"column":null}},"1":{"start":{"line":6,"column":37},"end":{"line":6,"column":null}},"2":{"start":{"line":7,"column":8},"end":{"line":7,"column":null}},"3":{"start":{"line":9,"column":2},"end":{"line":15,"column":null}},"4":{"start":{"line":10,"column":4},"end":{"line":13,"column":null}},"5":{"start":{"line":17,"column":2},"end":{"line":20,"column":null}},"6":{"start":{"line":19,"column":4},"end":{"line":19,"column":null}},"7":{"start":{"line":22,"column":2},"end":{"line":22,"column":null}}},"fnMap":{"0":{"name":"(anonymous_0)","decl":{"start":{"line":5,"column":64},"end":{"line":5,"column":65}},"loc":{"start":{"line":5,"column":82},"end":{"line":23,"column":null}},"line":5}},"branchMap":{"0":{"loc":{"start":{"line":9,"column":2},"end":{"line":15,"column":null}},"type":"if","locations":[{"start":{"line":9,"column":2},"end":{"line":15,"column":null}},{"start":{},"end":{}}],"line":9},"1":{"loc":{"start":{"line":17,"column":2},"end":{"line":20,"column":null}},"type":"if","locations":[{"start":{"line":17,"column":2},"end":{"line":20,"column":null}},{"start":{},"end":{}}],"line":17}},"s":{"0":1,"1":3,"2":3,"3":3,"4":1,"5":2,"6":1,"7":1},"f":{"0":3},"b":{"0":[1,2],"1":[1,1]},"meta":{"lastBranch":2,"lastFunction":1,"lastStatement":8,"seen":{"s:5:64:23:Infinity":0,"f:5:64:5:65":0,"s:6:37:6:Infinity":1,"s:7:8:7:Infinity":2,"b:9:2:15:Infinity:undefined:undefined:undefined:undefined":0,"s:9:2:15:Infinity":3,"s:10:4:13:Infinity":4,"b:17:2:20:Infinity:undefined:undefined:undefined:undefined":1,"s:17:2:20:Infinity":5,"s:19:4:19:Infinity":6,"s:22:2:22:Infinity":7}}}
,"D:\\DESENVOLVIMENTO\\MEUS PROJETOS\\FIT-TRACKER\\sistema\\components\\Sidebar.tsx": {"path":"D:\\DESENVOLVIMENTO\\MEUS PROJETOS\\FIT-TRACKER\\sistema\\components\\Sidebar.tsx","statementMap":{"0":{"start":{"line":12,"column":40},"end":{"line":161,"column":null}},"1":{"start":{"line":13,"column":8},"end":{"line":13,"column":null}},"2":{"start":{"line":14,"column":23},"end":{"line":14,"column":null}},"3":{"start":{"line":17,"column":23},"end":{"line":20,"column":null}},"4":{"start":{"line":18,"column":4},"end":{"line":18,"column":null}},"5":{"start":{"line":19,"column":4},"end":{"line":19,"column":null}},"6":{"start":{"line":19,"column":21},"end":{"line":19,"column":null}},"7":{"start":{"line":22,"column":19},"end":{"line":29,"column":null}},"8":{"start":{"line":31,"column":22},"end":{"line":35,"column":null}},"9":{"start":{"line":37,"column":2},"end":{"line":159,"column":null}},"10":{"start":{"line":58,"column":12},"end":{"line":58,"column":null}},"11":{"start":{"line":59,"column":12},"end":{"line":59,"column":null}},"12":{"start":{"line":59,"column":29},"end":{"line":59,"column":null}},"13":{"start":{"line":77,"column":10},"end":{"line":91,"column":null}},"14":{"start":{"line":82,"column":41},"end":{"line":86,"column":null}},"15":{"start":{"line":101,"column":10},"end":{"line":120,"column":null}},"16":{"start":{"line":106,"column":41},"end":{"line":110,"column":null}},"17":{"start":{"line":129,"column":14},"end":{"line":129,"column":null}},"18":{"start":{"line":130,"column":14},"end":{"line":130,"column":null}},"19":{"start":{"line":130,"column":31},"end":{"line":130,"column":null}},"20":{"start":{"line":148,"column":14},"end":{"line":148,"column":null}},"21":{"start":{"line":149,"column":14},"end":{"line":149,"column":null}}},"fnMap":{"0":{"name":"(anonymous_0)","decl":{"start":{"line":12,"column":40},"end":{"line":12,"column":41}},"loc":{"start":{"line":12,"column":77},"end":{"line":161,"column":null}},"line":12},"1":{"name":"(anonymous_1)","decl":{"start":{"line":17,"column":23},"end":{"line":17,"column":35}},"loc":{"start":{"line":17,"column":35},"end":{"line":20,"column":null}},"line":17},"2":{"name":"(anonymous_2)","decl":{"start":{"line":57,"column":19},"end":{"line":57,"column":25}},"loc":{"start":{"line":57,"column":25},"end":{"line":60,"column":null}},"line":57},"3":{"name":"(anonymous_3)","decl":{"start":{"line":76,"column":22},"end":{"line":76,"column":23}},"loc":{"start":{"line":77,"column":10},"end":{"line":91,"column":null}},"line":77},"4":{"name":"(anonymous_4)","decl":{"start":{"line":82,"column":23},"end":{"line":82,"column":24}},"loc":{"start":{"line":82,"column":41},"end":{"line":86,"column":null}},"line":82},"5":{"name":"(anonymous_5)","decl":{"start":{"line":100,"column":25},"end":{"line":100,"column":26}},"loc":{"start":{"line":101,"column":10},"end":{"line":120,"column":null}},"line":101},"6":{"name":"(anonymous_6)","decl":{"start":{"line":106,"column":23},"end":{"line":106,"column":24}},"loc":{"start":{"line":106,"column":41},"end":{"line":110,"column":null}},"line":106},"7":{"name":"(anonymous_7)","decl":{"start":{"line":128,"column":21},"end":{"line":128,"column":27}},"loc":{"start":{"line":128,"column":27},"end":{"line":131,"column":null}},"line":128},"8":{"name":"(anonymous_8)","decl":{"start":{"line":147,"column":21},"end":{"line":147,"column":22}},"loc":{"start":{"line":147,"column":28},"end":{"line":150,"column":null}},"line":147}},"branchMap":{"0":{"loc":{"start":{"line":12,"column":43},"end":{"line":12,"column":59}},"type":"default-arg","locations":[{"start":{"line":12,"column":55},"end":{"line":12,"column":59}}],"line":12},"1":{"loc":{"start":{"line":19,"column":4},"end":{"line":19,"column":null}},"type":"if","locations":[{"start":{"line":19,"column":4},"end":{"line":19,"column":null}},{"start":{},"end":{}}],"line":19},"2":{"loc":{"start":{"line":59,"column":12},"end":{"line":59,"column":null}},"type":"if","locations":[{"start":{"line":59,"column":12},"end":{"line":59,"column":null}},{"start":{},"end":{}}],"line":59},"3":{"loc":{"start":{"line":84,"column":16},"end":{"line":86,"column":138}},"type":"cond-expr","locations":[{"start":{"line":85,"column":18},"end":{"line":85,"column":null}},{"start":{"line":86,"column":18},"end":{"line":86,"column":138}}],"line":84},"4":{"loc":{"start":{"line":89,"column":58},"end":{"line":89,"column":99}},"type":"cond-expr","locations":[{"start":{"line":89,"column":86},"end":{"line":89,"column":97}},{"start":{"line":89,"column":97},"end":{"line":89,"column":99}}],"line":89},"5":{"loc":{"start":{"line":108,"column":16},"end":{"line":110,"column":138}},"type":"cond-expr","locations":[{"start":{"line":109,"column":18},"end":{"line":109,"column":null}},{"start":{"line":110,"column":18},"end":{"line":110,"column":138}}],"line":108},"6":{"loc":{"start":{"line":115,"column":13},"end":{"line":118,"column":null}},"type":"binary-expr","locations":[{"start":{"line":115,"column":13},"end":{"line":115,"column":null}},{"start":{"line":116,"column":14},"end":{"line":118,"column":null}}],"line":115},"7":{"loc":{"start":{"line":130,"column":14},"end":{"line":130,"column":null}},"type":"if","locations":[{"start":{"line":130,"column":14},"end":{"line":130,"column":null}},{"start":{},"end":{}}],"line":130},"8":{"loc":{"start":{"line":135,"column":19},"end":{"line":135,"column":null}},"type":"binary-expr","locations":[{"start":{"line":135,"column":19},"end":{"line":135,"column":34}},{"start":{"line":135,"column":34},"end":{"line":135,"column":null}}],"line":135},"9":{"loc":{"start":{"line":136,"column":40},"end":{"line":136,"column":63}},"type":"binary-expr","locations":[{"start":{"line":136,"column":40},"end":{"line":136,"column":54}},{"start":{"line":136,"column":54},"end":{"line":136,"column":63}}],"line":136},"10":{"loc":{"start":{"line":141,"column":17},"end":{"line":141,"column":null}},"type":"binary-expr","locations":[{"start":{"line":141,"column":17},"end":{"line":141,"column":31}},{"start":{"line":141,"column":31},"end":{"line":141,"column":null}}],"line":141}},"s":{"0":1,"1":3,"2":3,"3":3,"4":1,"5":1,"6":0,"7":3,"8":3,"9":3,"10":1,"11":1,"12":0,"13":18,"14":18,"15":9,"16":9,"17":0,"18":0,"19":0,"20":1,"21":1},"f":{"0":3,"1":1,"2":1,"3":18,"4":18,"5":9,"6":9,"7":0,"8":1},"b":{"0":[3],"1":[0,1],"2":[0,1],"3":[3,15],"4":[3,15],"5":[0,9],"6":[9,3],"7":[0,0],"8":[3,3],"9":[3,0],"10":[3,0]},"meta":{"lastBranch":11,"lastFunction":9,"lastStatement":22,"seen":{"s:12:40:161:Infinity":0,"f:12:40:12:41":0,"b:12:55:12:59":0,"s:13:8:13:Infinity":1,"s:14:23:14:Infinity":2,"s:17:23:20:Infinity":3,"f:17:23:17:35":1,"s:18:4:18:Infinity":4,"b:19:4:19:Infinity:undefined:undefined:undefined:undefined":1,"s:19:4:19:Infinity":5,"s:19:21:19:Infinity":6,"s:22:19:29:Infinity":7,"s:31:22:35:Infinity":8,"s:37:2:159:Infinity":9,"f:57:19:57:25":2,"s:58:12:58:Infinity":10,"b:59:12:59:Infinity:undefined:undefined:undefined:undefined":2,"s:59:12:59:Infinity":11,"s:59:29:59:Infinity":12,"f:76:22:76:23":3,"s:77:10:91:Infinity":13,"f:82:23:82:24":4,"s:82:41:86:Infinity":14,"b:85:18:85:Infinity:86:18:86:138":3,"b:89:86:89:97:89:97:89:99":4,"f:100:25:100:26":5,"s:101:10:120:Infinity":15,"f:106:23:106:24":6,"s:106:41:110:Infinity":16,"b:109:18:109:Infinity:110:18:110:138":5,"b:115:13:115:Infinity:116:14:118:Infinity":6,"f:128:21:128:27":7,"s:129:14:129:Infinity":17,"b:130:14:130:Infinity:undefined:undefined:undefined:undefined":7,"s:130:14:130:Infinity":18,"s:130:31:130:Infinity":19,"b:135:19:135:34:135:34:135:Infinity":8,"b:136:40:136:54:136:54:136:63":9,"b:141:17:141:31:141:31:141:Infinity":10,"f:147:21:147:22":8,"s:148:14:148:Infinity":20,"s:149:14:149:Infinity":21}}}
,"D:\\DESENVOLVIMENTO\\MEUS PROJETOS\\FIT-TRACKER\\sistema\\components\\ui\\Button.tsx": {"path":"D:\\DESENVOLVIMENTO\\MEUS PROJETOS\\FIT-TRACKER\\sistema\\components\\ui\\Button.tsx","statementMap":{"0":{"start":{"line":12,"column":45},"end":{"line":68,"column":null}},"1":{"start":{"line":24,"column":23},"end":{"line":24,"column":null}},"2":{"start":{"line":26,"column":21},"end":{"line":32,"column":null}},"3":{"start":{"line":34,"column":18},"end":{"line":39,"column":null}},"4":{"start":{"line":41,"column":23},"end":{"line":41,"column":null}},"5":{"start":{"line":43,"column":4},"end":{"line":66,"column":null}}},"fnMap":{"0":{"name":"(anonymous_0)","decl":{"start":{"line":12,"column":45},"end":{"line":12,"column":46}},"loc":{"start":{"line":23,"column":6},"end":{"line":68,"column":null}},"line":23}},"branchMap":{"0":{"loc":{"start":{"line":14,"column":4},"end":{"line":14,"column":null}},"type":"default-arg","locations":[{"start":{"line":14,"column":16},"end":{"line":14,"column":null}}],"line":14},"1":{"loc":{"start":{"line":15,"column":4},"end":{"line":15,"column":null}},"type":"default-arg","locations":[{"start":{"line":15,"column":14},"end":{"line":15,"column":null}}],"line":15},"2":{"loc":{"start":{"line":16,"column":4},"end":{"line":16,"column":null}},"type":"default-arg","locations":[{"start":{"line":16,"column":11},"end":{"line":16,"column":null}}],"line":16},"3":{"loc":{"start":{"line":17,"column":4},"end":{"line":17,"column":null}},"type":"default-arg","locations":[{"start":{"line":17,"column":16},"end":{"line":17,"column":null}}],"line":17},"4":{"loc":{"start":{"line":18,"column":4},"end":{"line":18,"column":null}},"type":"default-arg","locations":[{"start":{"line":18,"column":16},"end":{"line":18,"column":null}}],"line":18},"5":{"loc":{"start":{"line":41,"column":23},"end":{"line":41,"column":null}},"type":"cond-expr","locations":[{"start":{"line":41,"column":35},"end":{"line":41,"column":46}},{"start":{"line":41,"column":46},"end":{"line":41,"column":null}}],"line":41},"6":{"loc":{"start":{"line":52,"column":22},"end":{"line":52,"column":null}},"type":"binary-expr","locations":[{"start":{"line":52,"column":22},"end":{"line":52,"column":34}},{"start":{"line":52,"column":34},"end":{"line":52,"column":null}}],"line":52},"7":{"loc":{"start":{"line":55,"column":13},"end":{"line":59,"column":null}},"type":"cond-expr","locations":[{"start":{"line":56,"column":16},"end":{"line":56,"column":null}},{"start":{"line":57,"column":16},"end":{"line":59,"column":null}}],"line":55},"8":{"loc":{"start":{"line":57,"column":16},"end":{"line":59,"column":null}},"type":"cond-expr","locations":[{"start":{"line":58,"column":16},"end":{"line":58,"column":null}},{"start":{"line":59,"column":16},"end":{"line":59,"column":null}}],"line":57},"9":{"loc":{"start":{"line":63,"column":13},"end":{"line":64,"column":null}},"type":"binary-expr","locations":[{"start":{"line":63,"column":13},"end":{"line":63,"column":26}},{"start":{"line":63,"column":26},"end":{"line":63,"column":null}},{"start":{"line":64,"column":16},"end":{"line":64,"column":null}}],"line":63}},"s":{"0":5,"1":38,"2":38,"3":38,"4":38,"5":38},"f":{"0":38},"b":{"0":[38],"1":[38],"2":[38],"3":[38],"4":[38],"5":[3,35],"6":[38,38],"7":[1,37],"8":[11,26],"9":[38,0,0]},"meta":{"lastBranch":10,"lastFunction":1,"lastStatement":6,"seen":{"s:12:45:68:Infinity":0,"f:12:45:12:46":0,"b:14:16:14:Infinity":0,"b:15:14:15:Infinity":1,"b:16:11:16:Infinity":2,"b:17:16:17:Infinity":3,"b:18:16:18:Infinity":4,"s:24:23:24:Infinity":1,"s:26:21:32:Infinity":2,"s:34:18:39:Infinity":3,"s:41:23:41:Infinity":4,"b:41:35:41:46:41:46:41:Infinity":5,"s:43:4:66:Infinity":5,"b:52:22:52:34:52:34:52:Infinity":6,"b:56:16:56:Infinity:57:16:59:Infinity":7,"b:58:16:58:Infinity:59:16:59:Infinity":8,"b:63:13:63:26:63:26:63:Infinity:64:16:64:Infinity":9}}}
,"D:\\DESENVOLVIMENTO\\MEUS PROJETOS\\FIT-TRACKER\\sistema\\components\\ui\\Card.tsx": {"path":"D:\\DESENVOLVIMENTO\\MEUS PROJETOS\\FIT-TRACKER\\sistema\\components\\ui\\Card.tsx","statementMap":{"0":{"start":{"line":8,"column":41},"end":{"line":31,"column":null}},"1":{"start":{"line":15,"column":21},"end":{"line":19,"column":null}},"2":{"start":{"line":21,"column":4},"end":{"line":29,"column":null}},"3":{"start":{"line":33,"column":74},"end":{"line":36,"column":null}},"4":{"start":{"line":34,"column":4},"end":{"line":36,"column":null}},"5":{"start":{"line":39,"column":77},"end":{"line":42,"column":null}},"6":{"start":{"line":40,"column":4},"end":{"line":42,"column":null}},"7":{"start":{"line":45,"column":85},"end":{"line":48,"column":null}},"8":{"start":{"line":46,"column":4},"end":{"line":48,"column":null}}},"fnMap":{"0":{"name":"(anonymous_0)","decl":{"start":{"line":8,"column":41},"end":{"line":8,"column":42}},"loc":{"start":{"line":14,"column":6},"end":{"line":31,"column":null}},"line":14},"1":{"name":"(anonymous_1)","decl":{"start":{"line":33,"column":74},"end":{"line":33,"column":75}},"loc":{"start":{"line":34,"column":4},"end":{"line":36,"column":null}},"line":34},"2":{"name":"(anonymous_2)","decl":{"start":{"line":39,"column":77},"end":{"line":39,"column":78}},"loc":{"start":{"line":40,"column":4},"end":{"line":42,"column":null}},"line":40},"3":{"name":"(anonymous_3)","decl":{"start":{"line":45,"column":85},"end":{"line":45,"column":86}},"loc":{"start":{"line":46,"column":4},"end":{"line":48,"column":null}},"line":46}},"branchMap":{"0":{"loc":{"start":{"line":10,"column":4},"end":{"line":10,"column":null}},"type":"default-arg","locations":[{"start":{"line":10,"column":16},"end":{"line":10,"column":null}}],"line":10},"1":{"loc":{"start":{"line":11,"column":4},"end":{"line":11,"column":null}},"type":"default-arg","locations":[{"start":{"line":11,"column":14},"end":{"line":11,"column":null}}],"line":11},"2":{"loc":{"start":{"line":12,"column":4},"end":{"line":12,"column":null}},"type":"default-arg","locations":[{"start":{"line":12,"column":16},"end":{"line":12,"column":null}}],"line":12},"3":{"loc":{"start":{"line":26,"column":28},"end":{"line":26,"column":null}},"type":"cond-expr","locations":[{"start":{"line":26,"column":40},"end":{"line":26,"column":45}},{"start":{"line":26,"column":45},"end":{"line":26,"column":null}}],"line":26},"4":{"loc":{"start":{"line":33,"column":87},"end":{"line":33,"column":103}},"type":"default-arg","locations":[{"start":{"line":33,"column":99},"end":{"line":33,"column":103}}],"line":33},"5":{"loc":{"start":{"line":39,"column":90},"end":{"line":39,"column":106}},"type":"default-arg","locations":[{"start":{"line":39,"column":102},"end":{"line":39,"column":106}}],"line":39},"6":{"loc":{"start":{"line":45,"column":98},"end":{"line":45,"column":114}},"type":"default-arg","locations":[{"start":{"line":45,"column":110},"end":{"line":45,"column":114}}],"line":45}},"s":{"0":3,"1":58,"2":58,"3":3,"4":1,"5":3,"6":1,"7":3,"8":1},"f":{"0":58,"1":1,"2":1,"3":1},"b":{"0":[58],"1":[58],"2":[58],"3":[6,52],"4":[1],"5":[1],"6":[1]},"meta":{"lastBranch":7,"lastFunction":4,"lastStatement":9,"seen":{"s:8:41:31:Infinity":0,"f:8:41:8:42":0,"b:10:16:10:Infinity":0,"b:11:14:11:Infinity":1,"b:12:16:12:Infinity":2,"s:15:21:19:Infinity":1,"s:21:4:29:Infinity":2,"b:26:40:26:45:26:45:26:Infinity":3,"s:33:74:36:Infinity":3,"f:33:74:33:75":1,"s:34:4:36:Infinity":4,"b:33:99:33:103":4,"s:39:77:42:Infinity":5,"f:39:77:39:78":2,"s:40:4:42:Infinity":6,"b:39:102:39:106":5,"s:45:85:48:Infinity":7,"f:45:85:45:86":3,"s:46:4:48:Infinity":8,"b:45:110:45:114":6}}}
,"D:\\DESENVOLVIMENTO\\MEUS PROJETOS\\FIT-TRACKER\\sistema\\components\\ui\\Input.tsx": {"path":"D:\\DESENVOLVIMENTO\\MEUS PROJETOS\\FIT-TRACKER\\sistema\\components\\ui\\Input.tsx","statementMap":{"0":{"start":{"line":11,"column":21},"end":{"line":68,"column":null}},"1":{"start":{"line":20,"column":4},"end":{"line":66,"column":null}},"2":{"start":{"line":70,"column":0},"end":{"line":70,"column":null}}},"fnMap":{"0":{"name":"(anonymous_0)","decl":{"start":{"line":11,"column":68},"end":{"line":11,"column":69}},"loc":{"start":{"line":19,"column":11},"end":{"line":68,"column":1}},"line":19}},"branchMap":{"0":{"loc":{"start":{"line":16,"column":4},"end":{"line":16,"column":null}},"type":"default-arg","locations":[{"start":{"line":16,"column":16},"end":{"line":16,"column":null}}],"line":16},"1":{"loc":{"start":{"line":17,"column":4},"end":{"line":17,"column":null}},"type":"default-arg","locations":[{"start":{"line":17,"column":25},"end":{"line":17,"column":null}}],"line":17},"2":{"loc":{"start":{"line":22,"column":13},"end":{"line":25,"column":null}},"type":"binary-expr","locations":[{"start":{"line":22,"column":13},"end":{"line":22,"column":null}},{"start":{"line":23,"column":16},"end":{"line":25,"column":null}}],"line":22},"3":{"loc":{"start":{"line":29,"column":17},"end":{"line":32,"column":null}},"type":"binary-expr","locations":[{"start":{"line":29,"column":17},"end":{"line":29,"column":null}},{"start":{"line":30,"column":20},"end":{"line":32,"column":null}}],"line":29},"4":{"loc":{"start":{"line":45,"column":14},"end":{"line":45,"column":41}},"type":"cond-expr","locations":[{"start":{"line":45,"column":25},"end":{"line":45,"column":35}},{"start":{"line":45,"column":35},"end":{"line":45,"column":41}}],"line":45},"5":{"loc":{"start":{"line":46,"column":14},"end":{"line":46,"column":42}},"type":"cond-expr","locations":[{"start":{"line":46,"column":26},"end":{"line":46,"column":36}},{"start":{"line":46,"column":36},"end":{"line":46,"column":42}}],"line":46},"6":{"loc":{"start":{"line":47,"column":14},"end":{"line":47,"column":67}},"type":"cond-expr","locations":[{"start":{"line":47,"column":31},"end":{"line":47,"column":65}},{"start":{"line":47,"column":65},"end":{"line":47,"column":67}}],"line":47},"7":{"loc":{"start":{"line":48,"column":14},"end":{"line":48,"column":86}},"type":"cond-expr","locations":[{"start":{"line":48,"column":22},"end":{"line":48,"column":84}},{"start":{"line":48,"column":84},"end":{"line":48,"column":86}}],"line":48},"8":{"loc":{"start":{"line":54,"column":17},"end":{"line":57,"column":null}},"type":"binary-expr","locations":[{"start":{"line":54,"column":17},"end":{"line":54,"column":null}},{"start":{"line":55,"column":20},"end":{"line":57,"column":null}}],"line":54},"9":{"loc":{"start":{"line":61,"column":13},"end":{"line":64,"column":null}},"type":"binary-expr","locations":[{"start":{"line":61,"column":13},"end":{"line":61,"column":null}},{"start":{"line":62,"column":16},"end":{"line":64,"column":null}}],"line":61}},"s":{"0":2,"1":12,"2":2},"f":{"0":12},"b":{"0":[12],"1":[12],"2":[12,8],"3":[12,8],"4":[8,4],"5":[1,11],"6":[1,11],"7":[1,11],"8":[12,1],"9":[12,1]},"meta":{"lastBranch":10,"lastFunction":1,"lastStatement":3,"seen":{"s:11:21:68:Infinity":0,"f:11:68:11:69":0,"b:16:16:16:Infinity":0,"b:17:25:17:Infinity":1,"s:20:4:66:Infinity":1,"b:22:13:22:Infinity:23:16:25:Infinity":2,"b:29:17:29:Infinity:30:20:32:Infinity":3,"b:45:25:45:35:45:35:45:41":4,"b:46:26:46:36:46:36:46:42":5,"b:47:31:47:65:47:65:47:67":6,"b:48:22:48:84:48:84:48:86":7,"b:54:17:54:Infinity:55:20:57:Infinity":8,"b:61:13:61:Infinity:62:16:64:Infinity":9,"s:70:0:70:Infinity":2}}}
,"D:\\DESENVOLVIMENTO\\MEUS PROJETOS\\FIT-TRACKER\\sistema\\components\\ui\\OptimizedImage.tsx": {"path":"D:\\DESENVOLVIMENTO\\MEUS PROJETOS\\FIT-TRACKER\\sistema\\components\\ui\\OptimizedImage.tsx","statementMap":{"0":{"start":{"line":10,"column":61},"end":{"line":51,"column":null}},"1":{"start":{"line":17,"column":32},"end":{"line":17,"column":null}},"2":{"start":{"line":18,"column":32},"end":{"line":18,"column":null}},"3":{"start":{"line":20,"column":4},"end":{"line":49,"column":null}},"4":{"start":{"line":40,"column":30},"end":{"line":40,"column":null}},"5":{"start":{"line":42,"column":20},"end":{"line":42,"column":null}},"6":{"start":{"line":43,"column":20},"end":{"line":43,"column":null}}},"fnMap":{"0":{"name":"(anonymous_0)","decl":{"start":{"line":10,"column":61},"end":{"line":10,"column":62}},"loc":{"start":{"line":16,"column":6},"end":{"line":51,"column":null}},"line":16},"1":{"name":"(anonymous_1)","decl":{"start":{"line":40,"column":24},"end":{"line":40,"column":30}},"loc":{"start":{"line":40,"column":30},"end":{"line":40,"column":null}},"line":40},"2":{"name":"(anonymous_2)","decl":{"start":{"line":41,"column":25},"end":{"line":41,"column":31}},"loc":{"start":{"line":41,"column":31},"end":{"line":44,"column":null}},"line":41}},"branchMap":{"0":{"loc":{"start":{"line":13,"column":4},"end":{"line":13,"column":null}},"type":"default-arg","locations":[{"start":{"line":13,"column":16},"end":{"line":13,"column":null}}],"line":13},"1":{"loc":{"start":{"line":14,"column":4},"end":{"line":14,"column":null}},"type":"default-arg","locations":[{"start":{"line":14,"column":25},"end":{"line":14,"column":null}}],"line":14},"2":{"loc":{"start":{"line":23,"column":13},"end":{"line":24,"column":null}},"type":"binary-expr","locations":[{"start":{"line":23,"column":13},"end":{"line":23,"column":26}},{"start":{"line":23,"column":26},"end":{"line":23,"column":null}},{"start":{"line":24,"column":16},"end":{"line":24,"column":null}}],"line":23},"3":{"loc":{"start":{"line":28,"column":13},"end":{"line":31,"column":null}},"type":"binary-expr","locations":[{"start":{"line":28,"column":13},"end":{"line":28,"column":null}},{"start":{"line":29,"column":16},"end":{"line":31,"column":null}}],"line":28},"4":{"loc":{"start":{"line":45,"column":89},"end":{"line":45,"column":null}},"type":"cond-expr","locations":[{"start":{"line":45,"column":100},"end":{"line":45,"column":116}},{"start":{"line":45,"column":116},"end":{"line":45,"column":null}}],"line":45}},"s":{"0":3,"1":17,"2":17,"3":17,"4":1,"5":1,"6":1},"f":{"0":17,"1":1,"2":1},"b":{"0":[17],"1":[17],"2":[17,15,15],"3":[17,1],"4":[2,15]},"meta":{"lastBranch":5,"lastFunction":3,"lastStatement":7,"seen":{"s:10:61:51:Infinity":0,"f:10:61:10:62":0,"b:13:16:13:Infinity":0,"b:14:25:14:Infinity":1,"s:17:32:17:Infinity":1,"s:18:32:18:Infinity":2,"s:20:4:49:Infinity":3,"b:23:13:23:26:23:26:23:Infinity:24:16:24:Infinity":2,"b:28:13:28:Infinity:29:16:31:Infinity":3,"f:40:24:40:30":1,"s:40:30:40:Infinity":4,"f:41:25:41:31":2,"s:42:20:42:Infinity":5,"s:43:20:43:Infinity":6,"b:45:100:45:116:45:116:45:Infinity":4}}}
,"D:\\DESENVOLVIMENTO\\MEUS PROJETOS\\FIT-TRACKER\\sistema\\components\\ui\\Toast.tsx": {"path":"D:\\DESENVOLVIMENTO\\MEUS PROJETOS\\FIT-TRACKER\\sistema\\components\\ui\\Toast.tsx","statementMap":{"0":{"start":{"line":15,"column":24},"end":{"line":18,"column":null}},"1":{"start":{"line":16,"column":34},"end":{"line":16,"column":null}},"2":{"start":{"line":17,"column":4},"end":{"line":17,"column":null}},"3":{"start":{"line":21,"column":85},"end":{"line":80,"column":null}},"4":{"start":{"line":22,"column":34},"end":{"line":22,"column":null}},"5":{"start":{"line":24,"column":4},"end":{"line":30,"column":null}},"6":{"start":{"line":25,"column":22},"end":{"line":27,"column":null}},"7":{"start":{"line":26,"column":12},"end":{"line":26,"column":null}},"8":{"start":{"line":29,"column":8},"end":{"line":29,"column":null}},"9":{"start":{"line":29,"column":21},"end":{"line":29,"column":null}},"10":{"start":{"line":32,"column":24},"end":{"line":37,"column":null}},"11":{"start":{"line":33,"column":8},"end":{"line":33,"column":null}},"12":{"start":{"line":34,"column":8},"end":{"line":36,"column":null}},"13":{"start":{"line":35,"column":12},"end":{"line":35,"column":null}},"14":{"start":{"line":39,"column":18},"end":{"line":44,"column":null}},"15":{"start":{"line":46,"column":19},"end":{"line":51,"column":null}},"16":{"start":{"line":53,"column":4},"end":{"line":78,"column":null}},"17":{"start":{"line":83,"column":37},"end":{"line":97,"column":null}},"18":{"start":{"line":84,"column":32},"end":{"line":84,"column":null}},"19":{"start":{"line":86,"column":4},"end":{"line":86,"column":null}},"20":{"start":{"line":86,"column":29},"end":{"line":86,"column":null}},"21":{"start":{"line":88,"column":4},"end":{"line":95,"column":null}},"22":{"start":{"line":92,"column":20},"end":{"line":92,"column":null}},"23":{"start":{"line":100,"column":70},"end":{"line":107,"column":null}},"24":{"start":{"line":101,"column":4},"end":{"line":105,"column":null}}},"fnMap":{"0":{"name":"(anonymous_0)","decl":{"start":{"line":15,"column":24},"end":{"line":15,"column":30}},"loc":{"start":{"line":15,"column":30},"end":{"line":18,"column":null}},"line":15},"1":{"name":"(anonymous_1)","decl":{"start":{"line":21,"column":85},"end":{"line":21,"column":86}},"loc":{"start":{"line":21,"column":110},"end":{"line":80,"column":null}},"line":21},"2":{"name":"(anonymous_2)","decl":{"start":{"line":24,"column":14},"end":{"line":24,"column":20}},"loc":{"start":{"line":24,"column":20},"end":{"line":30,"column":7}},"line":24},"3":{"name":"(anonymous_3)","decl":{"start":{"line":25,"column":33},"end":{"line":25,"column":39}},"loc":{"start":{"line":25,"column":39},"end":{"line":27,"column":11}},"line":25},"4":{"name":"(anonymous_4)","decl":{"start":{"line":29,"column":15},"end":{"line":29,"column":21}},"loc":{"start":{"line":29,"column":21},"end":{"line":29,"column":null}},"line":29},"5":{"name":"(anonymous_5)","decl":{"start":{"line":32,"column":24},"end":{"line":32,"column":30}},"loc":{"start":{"line":32,"column":30},"end":{"line":37,"column":null}},"line":32},"6":{"name":"(anonymous_6)","decl":{"start":{"line":34,"column":19},"end":{"line":34,"column":25}},"loc":{"start":{"line":34,"column":25},"end":{"line":36,"column":11}},"line":34},"7":{"name":"(anonymous_7)","decl":{"start":{"line":83,"column":37},"end":{"line":83,"column":43}},"loc":{"start":{"line":83,"column":43},"end":{"line":97,"column":null}},"line":83},"8":{"name":"(anonymous_8)","decl":{"start":{"line":91,"column":28},"end":{"line":91,"column":29}},"loc":{"start":{"line":92,"column":20},"end":{"line":92,"column":null}},"line":92},"9":{"name":"(anonymous_9)","decl":{"start":{"line":100,"column":70},"end":{"line":100,"column":71}},"loc":{"start":{"line":100,"column":88},"end":{"line":107,"column":null}},"line":100}},"branchMap":{"0":{"loc":{"start":{"line":27,"column":11},"end":{"line":27,"column":33}},"type":"binary-expr","locations":[{"start":{"line":27,"column":11},"end":{"line":27,"column":29}},{"start":{"line":27,"column":29},"end":{"line":27,"column":33}}],"line":27},"1":{"loc":{"start":{"line":57,"column":10},"end":{"line":57,"column":80}},"type":"cond-expr","locations":[{"start":{"line":57,"column":22},"end":{"line":57,"column":53}},{"start":{"line":57,"column":53},"end":{"line":57,"column":80}}],"line":57},"2":{"loc":{"start":{"line":67,"column":17},"end":{"line":67,"column":null}},"type":"binary-expr","locations":[{"start":{"line":67,"column":17},"end":{"line":67,"column":32}},{"start":{"line":67,"column":32},"end":{"line":67,"column":null}}],"line":67},"3":{"loc":{"start":{"line":86,"column":4},"end":{"line":86,"column":null}},"type":"if","locations":[{"start":{"line":86,"column":4},"end":{"line":86,"column":null}},{"start":{},"end":{}}],"line":86}},"s":{"0":1,"1":0,"2":0,"3":1,"4":11,"5":11,"6":6,"7":4,"8":6,"9":6,"10":11,"11":5,"12":5,"13":5,"14":11,"15":11,"16":11,"17":1,"18":3,"19":3,"20":0,"21":3,"22":6,"23":1,"24":0},"f":{"0":0,"1":11,"2":6,"3":4,"4":6,"5":5,"6":5,"7":3,"8":6,"9":0},"b":{"0":[6,0],"1":[5,6],"2":[11,6],"3":[0,3]},"meta":{"lastBranch":4,"lastFunction":10,"lastStatement":25,"seen":{"s:15:24:18:Infinity":0,"f:15:24:15:30":0,"s:16:34:16:Infinity":1,"s:17:4:17:Infinity":2,"s:21:85:80:Infinity":3,"f:21:85:21:86":1,"s:22:34:22:Infinity":4,"s:24:4:30:Infinity":5,"f:24:14:24:20":2,"s:25:22:27:Infinity":6,"f:25:33:25:39":3,"s:26:12:26:Infinity":7,"b:27:11:27:29:27:29:27:33":0,"s:29:8:29:Infinity":8,"f:29:15:29:21":4,"s:29:21:29:Infinity":9,"s:32:24:37:Infinity":10,"f:32:24:32:30":5,"s:33:8:33:Infinity":11,"s:34:8:36:Infinity":12,"f:34:19:34:25":6,"s:35:12:35:Infinity":13,"s:39:18:44:Infinity":14,"s:46:19:51:Infinity":15,"s:53:4:78:Infinity":16,"b:57:22:57:53:57:53:57:80":1,"b:67:17:67:32:67:32:67:Infinity":2,"s:83:37:97:Infinity":17,"f:83:37:83:43":7,"s:84:32:84:Infinity":18,"b:86:4:86:Infinity:undefined:undefined:undefined:undefined":3,"s:86:4:86:Infinity":19,"s:86:29:86:Infinity":20,"s:88:4:95:Infinity":21,"f:91:28:91:29":8,"s:92:20:92:Infinity":22,"s:100:70:107:Infinity":23,"f:100:70:100:71":9,"s:101:4:105:Infinity":24}}}
,"D:\\DESENVOLVIMENTO\\MEUS PROJETOS\\FIT-TRACKER\\sistema\\components\\workout\\ExerciseSuggestions.tsx": {"path":"D:\\DESENVOLVIMENTO\\MEUS PROJETOS\\FIT-TRACKER\\sistema\\components\\workout\\ExerciseSuggestions.tsx","statementMap":{"0":{"start":{"line":11,"column":13},"end":{"line":37,"column":null}},"1":{"start":{"line":12,"column":4},"end":{"line":12,"column":null}},"2":{"start":{"line":12,"column":32},"end":{"line":12,"column":null}},"3":{"start":{"line":14,"column":4},"end":{"line":35,"column":null}},"4":{"start":{"line":17,"column":16},"end":{"line":33,"column":null}},"5":{"start":{"line":20,"column":35},"end":{"line":20,"column":null}}},"fnMap":{"0":{"name":"(anonymous_0)","decl":{"start":{"line":11,"column":40},"end":{"line":11,"column":41}},"loc":{"start":{"line":11,"column":113},"end":{"line":37,"column":1}},"line":11},"1":{"name":"(anonymous_1)","decl":{"start":{"line":16,"column":27},"end":{"line":16,"column":28}},"loc":{"start":{"line":17,"column":16},"end":{"line":33,"column":null}},"line":17},"2":{"name":"(anonymous_2)","decl":{"start":{"line":20,"column":29},"end":{"line":20,"column":35}},"loc":{"start":{"line":20,"column":35},"end":{"line":20,"column":null}},"line":20}},"branchMap":{"0":{"loc":{"start":{"line":12,"column":4},"end":{"line":12,"column":null}},"type":"if","locations":[{"start":{"line":12,"column":4},"end":{"line":12,"column":null}},{"start":{},"end":{}}],"line":12},"1":{"loc":{"start":{"line":19,"column":107},"end":{"line":19,"column":211}},"type":"cond-expr","locations":[{"start":{"line":19,"column":136},"end":{"line":19,"column":170}},{"start":{"line":19,"column":170},"end":{"line":19,"column":211}}],"line":19}},"s":{"0":2,"1":6,"2":1,"3":5,"4":10,"5":1},"f":{"0":6,"1":10,"2":1},"b":{"0":[1,5],"1":[2,8]},"meta":{"lastBranch":2,"lastFunction":3,"lastStatement":6,"seen":{"s:11:13:37:Infinity":0,"f:11:40:11:41":0,"b:12:4:12:Infinity:undefined:undefined:undefined:undefined":0,"s:12:4:12:Infinity":1,"s:12:32:12:Infinity":2,"s:14:4:35:Infinity":3,"f:16:27:16:28":1,"s:17:16:33:Infinity":4,"b:19:136:19:170:19:170:19:211":1,"f:20:29:20:35":2,"s:20:35:20:Infinity":5}}}
,"D:\\DESENVOLVIMENTO\\MEUS PROJETOS\\FIT-TRACKER\\sistema\\components\\workout\\RestTimer.tsx": {"path":"D:\\DESENVOLVIMENTO\\MEUS PROJETOS\\FIT-TRACKER\\sistema\\components\\workout\\RestTimer.tsx","statementMap":{"0":{"start":{"line":9,"column":51},"end":{"line":90,"column":null}},"1":{"start":{"line":18,"column":4},"end":{"line":18,"column":null}},"2":{"start":{"line":20,"column":4},"end":{"line":31,"column":null}},"3":{"start":{"line":21,"column":8},"end":{"line":24,"column":null}},"4":{"start":{"line":22,"column":12},"end":{"line":22,"column":null}},"5":{"start":{"line":23,"column":12},"end":{"line":23,"column":null}},"6":{"start":{"line":26,"column":25},"end":{"line":28,"column":null}},"7":{"start":{"line":27,"column":12},"end":{"line":27,"column":null}},"8":{"start":{"line":30,"column":8},"end":{"line":30,"column":null}},"9":{"start":{"line":30,"column":21},"end":{"line":30,"column":null}},"10":{"start":{"line":33,"column":23},"end":{"line":37,"column":null}},"11":{"start":{"line":34,"column":18},"end":{"line":34,"column":null}},"12":{"start":{"line":35,"column":18},"end":{"line":35,"column":null}},"13":{"start":{"line":36,"column":8},"end":{"line":36,"column":null}},"14":{"start":{"line":39,"column":4},"end":{"line":39,"column":null}},"15":{"start":{"line":39,"column":19},"end":{"line":39,"column":null}},"16":{"start":{"line":41,"column":4},"end":{"line":88,"column":null}},"17":{"start":{"line":58,"column":39},"end":{"line":58,"column":null}},"18":{"start":{"line":65,"column":39},"end":{"line":65,"column":null}},"19":{"start":{"line":72,"column":39},"end":{"line":72,"column":null}}},"fnMap":{"0":{"name":"(anonymous_0)","decl":{"start":{"line":9,"column":51},"end":{"line":9,"column":52}},"loc":{"start":{"line":9,"column":68},"end":{"line":90,"column":null}},"line":9},"1":{"name":"(anonymous_1)","decl":{"start":{"line":20,"column":14},"end":{"line":20,"column":20}},"loc":{"start":{"line":20,"column":20},"end":{"line":31,"column":7}},"line":20},"2":{"name":"(anonymous_2)","decl":{"start":{"line":26,"column":37},"end":{"line":26,"column":43}},"loc":{"start":{"line":26,"column":43},"end":{"line":28,"column":11}},"line":26},"3":{"name":"(anonymous_3)","decl":{"start":{"line":30,"column":15},"end":{"line":30,"column":21}},"loc":{"start":{"line":30,"column":21},"end":{"line":30,"column":null}},"line":30},"4":{"name":"(anonymous_4)","decl":{"start":{"line":33,"column":23},"end":{"line":33,"column":24}},"loc":{"start":{"line":33,"column":44},"end":{"line":37,"column":null}},"line":33},"5":{"name":"(anonymous_5)","decl":{"start":{"line":58,"column":33},"end":{"line":58,"column":39}},"loc":{"start":{"line":58,"column":39},"end":{"line":58,"column":null}},"line":58},"6":{"name":"(anonymous_6)","decl":{"start":{"line":65,"column":33},"end":{"line":65,"column":39}},"loc":{"start":{"line":65,"column":39},"end":{"line":65,"column":null}},"line":65},"7":{"name":"(anonymous_7)","decl":{"start":{"line":72,"column":33},"end":{"line":72,"column":39}},"loc":{"start":{"line":72,"column":39},"end":{"line":72,"column":null}},"line":72}},"branchMap":{"0":{"loc":{"start":{"line":21,"column":8},"end":{"line":24,"column":null}},"type":"if","locations":[{"start":{"line":21,"column":8},"end":{"line":24,"column":null}},{"start":{},"end":{}}],"line":21},"1":{"loc":{"start":{"line":39,"column":4},"end":{"line":39,"column":null}},"type":"if","locations":[{"start":{"line":39,"column":4},"end":{"line":39,"column":null}},{"start":{},"end":{}}],"line":39}},"s":{"0":1,"1":4,"2":4,"3":4,"4":1,"5":1,"6":3,"7":0,"8":3,"9":3,"10":4,"11":3,"12":3,"13":3,"14":4,"15":1,"16":3,"17":1,"18":1,"19":0},"f":{"0":4,"1":4,"2":0,"3":3,"4":3,"5":1,"6":1,"7":0},"b":{"0":[1,3],"1":[1,3]},"meta":{"lastBranch":2,"lastFunction":8,"lastStatement":20,"seen":{"s:9:51:90:Infinity":0,"f:9:51:9:52":0,"s:18:4:18:Infinity":1,"s:20:4:31:Infinity":2,"f:20:14:20:20":1,"b:21:8:24:Infinity:undefined:undefined:undefined:undefined":0,"s:21:8:24:Infinity":3,"s:22:12:22:Infinity":4,"s:23:12:23:Infinity":5,"s:26:25:28:Infinity":6,"f:26:37:26:43":2,"s:27:12:27:Infinity":7,"s:30:8:30:Infinity":8,"f:30:15:30:21":3,"s:30:21:30:Infinity":9,"s:33:23:37:Infinity":10,"f:33:23:33:24":4,"s:34:18:34:Infinity":11,"s:35:18:35:Infinity":12,"s:36:8:36:Infinity":13,"b:39:4:39:Infinity:undefined:undefined:undefined:undefined":1,"s:39:4:39:Infinity":14,"s:39:19:39:Infinity":15,"s:41:4:88:Infinity":16,"f:58:33:58:39":5,"s:58:39:58:Infinity":17,"f:65:33:65:39":6,"s:65:39:65:Infinity":18,"f:72:33:72:39":7,"s:72:39:72:Infinity":19}}}
,"D:\\DESENVOLVIMENTO\\MEUS PROJETOS\\FIT-TRACKER\\sistema\\components\\workout\\WorkoutSetItem.tsx": {"path":"D:\\DESENVOLVIMENTO\\MEUS PROJETOS\\FIT-TRACKER\\sistema\\components\\workout\\WorkoutSetItem.tsx","statementMap":{"0":{"start":{"line":11,"column":13},"end":{"line":100,"column":null}},"1":{"start":{"line":12,"column":4},"end":{"line":87,"column":null}},"2":{"start":{"line":27,"column":41},"end":{"line":27,"column":null}},"3":{"start":{"line":38,"column":41},"end":{"line":38,"column":null}},"4":{"start":{"line":45,"column":39},"end":{"line":45,"column":null}},"5":{"start":{"line":57,"column":39},"end":{"line":57,"column":null}},"6":{"start":{"line":69,"column":39},"end":{"line":69,"column":null}},"7":{"start":{"line":81,"column":41},"end":{"line":81,"column":null}},"8":{"start":{"line":91,"column":4},"end":{"line":98,"column":null}}},"fnMap":{"0":{"name":"(anonymous_0)","decl":{"start":{"line":11,"column":35},"end":{"line":11,"column":36}},"loc":{"start":{"line":11,"column":96},"end":{"line":89,"column":3}},"line":11},"1":{"name":"(anonymous_1)","decl":{"start":{"line":27,"column":34},"end":{"line":27,"column":35}},"loc":{"start":{"line":27,"column":41},"end":{"line":27,"column":null}},"line":27},"2":{"name":"(anonymous_2)","decl":{"start":{"line":38,"column":34},"end":{"line":38,"column":35}},"loc":{"start":{"line":38,"column":41},"end":{"line":38,"column":null}},"line":38},"3":{"name":"(anonymous_3)","decl":{"start":{"line":45,"column":33},"end":{"line":45,"column":39}},"loc":{"start":{"line":45,"column":39},"end":{"line":45,"column":null}},"line":45},"4":{"name":"(anonymous_4)","decl":{"start":{"line":57,"column":33},"end":{"line":57,"column":39}},"loc":{"start":{"line":57,"column":39},"end":{"line":57,"column":null}},"line":57},"5":{"name":"(anonymous_5)","decl":{"start":{"line":69,"column":33},"end":{"line":69,"column":39}},"loc":{"start":{"line":69,"column":39},"end":{"line":69,"column":null}},"line":69},"6":{"name":"(anonymous_6)","decl":{"start":{"line":81,"column":34},"end":{"line":81,"column":35}},"loc":{"start":{"line":81,"column":41},"end":{"line":81,"column":null}},"line":81},"7":{"name":"(anonymous_7)","decl":{"start":{"line":89,"column":3},"end":{"line":89,"column":4}},"loc":{"start":{"line":89,"column":29},"end":{"line":100,"column":1}},"line":89}},"branchMap":{"0":{"loc":{"start":{"line":14,"column":158},"end":{"line":14,"column":312}},"type":"cond-expr","locations":[{"start":{"line":14,"column":174},"end":{"line":14,"column":234}},{"start":{"line":14,"column":234},"end":{"line":14,"column":312}}],"line":14},"1":{"loc":{"start":{"line":16,"column":129},"end":{"line":16,"column":239}},"type":"cond-expr","locations":[{"start":{"line":16,"column":145},"end":{"line":16,"column":173}},{"start":{"line":16,"column":173},"end":{"line":16,"column":239}}],"line":16},"2":{"loc":{"start":{"line":24,"column":31},"end":{"line":24,"column":null}},"type":"binary-expr","locations":[{"start":{"line":24,"column":31},"end":{"line":24,"column":45}},{"start":{"line":24,"column":45},"end":{"line":24,"column":null}}],"line":24},"3":{"loc":{"start":{"line":27,"column":68},"end":{"line":27,"column":99}},"type":"binary-expr","locations":[{"start":{"line":27,"column":68},"end":{"line":27,"column":98}},{"start":{"line":27,"column":98},"end":{"line":27,"column":99}}],"line":27},"4":{"loc":{"start":{"line":28,"column":252},"end":{"line":28,"column":393}},"type":"cond-expr","locations":[{"start":{"line":28,"column":268},"end":{"line":28,"column":353}},{"start":{"line":28,"column":353},"end":{"line":28,"column":393}}],"line":28},"5":{"loc":{"start":{"line":35,"column":31},"end":{"line":35,"column":null}},"type":"binary-expr","locations":[{"start":{"line":35,"column":31},"end":{"line":35,"column":43}},{"start":{"line":35,"column":43},"end":{"line":35,"column":null}}],"line":35},"6":{"loc":{"start":{"line":38,"column":66},"end":{"line":38,"column":97}},"type":"binary-expr","locations":[{"start":{"line":38,"column":66},"end":{"line":38,"column":96}},{"start":{"line":38,"column":96},"end":{"line":38,"column":97}}],"line":38},"7":{"loc":{"start":{"line":39,"column":252},"end":{"line":39,"column":393}},"type":"cond-expr","locations":[{"start":{"line":39,"column":268},"end":{"line":39,"column":353}},{"start":{"line":39,"column":353},"end":{"line":39,"column":393}}],"line":39},"8":{"loc":{"start":{"line":46,"column":31},"end":{"line":46,"column":null}},"type":"cond-expr","locations":[{"start":{"line":46,"column":43},"end":{"line":46,"column":56}},{"start":{"line":46,"column":56},"end":{"line":46,"column":null}}],"line":46},"9":{"loc":{"start":{"line":47,"column":105},"end":{"line":49,"column":null}},"type":"cond-expr","locations":[{"start":{"line":48,"column":30},"end":{"line":48,"column":null}},{"start":{"line":49,"column":30},"end":{"line":49,"column":null}}],"line":47},"10":{"loc":{"start":{"line":47,"column":105},"end":{"line":47,"column":null}},"type":"binary-expr","locations":[{"start":{"line":47,"column":105},"end":{"line":47,"column":122}},{"start":{"line":47,"column":122},"end":{"line":47,"column":null}}],"line":47},"11":{"loc":{"start":{"line":52,"column":82},"end":{"line":52,"column":107}},"type":"cond-expr","locations":[{"start":{"line":52,"column":94},"end":{"line":52,"column":105}},{"start":{"line":52,"column":105},"end":{"line":52,"column":107}}],"line":52},"12":{"loc":{"start":{"line":53,"column":29},"end":{"line":53,"column":null}},"type":"cond-expr","locations":[{"start":{"line":53,"column":41},"end":{"line":53,"column":57}},{"start":{"line":53,"column":57},"end":{"line":53,"column":null}}],"line":53},"13":{"loc":{"start":{"line":58,"column":31},"end":{"line":58,"column":null}},"type":"cond-expr","locations":[{"start":{"line":58,"column":47},"end":{"line":58,"column":64}},{"start":{"line":58,"column":64},"end":{"line":58,"column":null}}],"line":58},"14":{"loc":{"start":{"line":59,"column":105},"end":{"line":61,"column":null}},"type":"cond-expr","locations":[{"start":{"line":60,"column":30},"end":{"line":60,"column":null}},{"start":{"line":61,"column":30},"end":{"line":61,"column":null}}],"line":59},"15":{"loc":{"start":{"line":65,"column":29},"end":{"line":65,"column":null}},"type":"cond-expr","locations":[{"start":{"line":65,"column":45},"end":{"line":65,"column":54}},{"start":{"line":65,"column":54},"end":{"line":65,"column":null}}],"line":65},"16":{"loc":{"start":{"line":77,"column":13},"end":{"line":85,"column":null}},"type":"binary-expr","locations":[{"start":{"line":77,"column":13},"end":{"line":77,"column":null}},{"start":{"line":78,"column":16},"end":{"line":85,"column":null}}],"line":77},"17":{"loc":{"start":{"line":80,"column":31},"end":{"line":80,"column":null}},"type":"binary-expr","locations":[{"start":{"line":80,"column":31},"end":{"line":80,"column":44}},{"start":{"line":80,"column":44},"end":{"line":80,"column":null}}],"line":80},"18":{"loc":{"start":{"line":92,"column":8},"end":{"line":98,"column":null}},"type":"binary-expr","locations":[{"start":{"line":92,"column":8},"end":{"line":92,"column":null}},{"start":{"line":93,"column":8},"end":{"line":93,"column":null}},{"start":{"line":94,"column":8},"end":{"line":94,"column":null}},{"start":{"line":95,"column":8},"end":{"line":95,"column":null}},{"start":{"line":96,"column":8},"end":{"line":96,"column":null}},{"start":{"line":97,"column":8},"end":{"line":97,"column":null}},{"start":{"line":98,"column":8},"end":{"line":98,"column":null}}],"line":92}},"s":{"0":2,"1":10,"2":1,"3":1,"4":0,"5":1,"6":1,"7":0,"8":2},"f":{"0":10,"1":1,"2":1,"3":0,"4":1,"5":1,"6":0,"7":2},"b":{"0":[0,10],"1":[0,10],"2":[10,0],"3":[1,0],"4":[0,10],"5":[10,0],"6":[1,0],"7":[0,10],"8":[5,5],"9":[5,5],"10":[10,9],"11":[5,5],"12":[5,5],"13":[0,10],"14":[0,10],"15":[0,10],"16":[10,1],"17":[1,0],"18":[2,2,2,2,2,2,2]},"meta":{"lastBranch":19,"lastFunction":8,"lastStatement":9,"seen":{"s:11:13:100:Infinity":0,"f:11:35:11:36":0,"s:12:4:87:Infinity":1,"b:14:174:14:234:14:234:14:312":0,"b:16:145:16:173:16:173:16:239":1,"b:24:31:24:45:24:45:24:Infinity":2,"f:27:34:27:35":1,"s:27:41:27:Infinity":2,"b:27:68:27:98:27:98:27:99":3,"b:28:268:28:353:28:353:28:393":4,"b:35:31:35:43:35:43:35:Infinity":5,"f:38:34:38:35":2,"s:38:41:38:Infinity":3,"b:38:66:38:96:38:96:38:97":6,"b:39:268:39:353:39:353:39:393":7,"f:45:33:45:39":3,"s:45:39:45:Infinity":4,"b:46:43:46:56:46:56:46:Infinity":8,"b:48:30:48:Infinity:49:30:49:Infinity":9,"b:47:105:47:122:47:122:47:Infinity":10,"b:52:94:52:105:52:105:52:107":11,"b:53:41:53:57:53:57:53:Infinity":12,"f:57:33:57:39":4,"s:57:39:57:Infinity":5,"b:58:47:58:64:58:64:58:Infinity":13,"b:60:30:60:Infinity:61:30:61:Infinity":14,"b:65:45:65:54:65:54:65:Infinity":15,"f:69:33:69:39":5,"s:69:39:69:Infinity":6,"b:77:13:77:Infinity:78:16:85:Infinity":16,"b:80:31:80:44:80:44:80:Infinity":17,"f:81:34:81:35":6,"s:81:41:81:Infinity":7,"f:89:3:89:4":7,"s:91:4:98:Infinity":8,"b:92:8:92:Infinity:93:8:93:Infinity:94:8:94:Infinity:95:8:95:Infinity:96:8:96:Infinity:97:8:97:Infinity:98:8:98:Infinity":18}}}
,"D:\\DESENVOLVIMENTO\\MEUS PROJETOS\\FIT-TRACKER\\sistema\\data\\exercises.ts": {"path":"D:\\DESENVOLVIMENTO\\MEUS PROJETOS\\FIT-TRACKER\\sistema\\data\\exercises.ts","statementMap":{"0":{"start":{"line":4,"column":22},"end":{"line":197,"column":null}},"1":{"start":{"line":199,"column":37},"end":{"line":204,"column":null}},"2":{"start":{"line":199,"column":61},"end":{"line":204,"column":25}},"3":{"start":{"line":206,"column":30},"end":{"line":206,"column":null}},"4":{"start":{"line":207,"column":34},"end":{"line":207,"column":null}},"5":{"start":{"line":208,"column":33},"end":{"line":208,"column":null}}},"fnMap":{"0":{"name":"(anonymous_0)","decl":{"start":{"line":199,"column":55},"end":{"line":199,"column":61}},"loc":{"start":{"line":199,"column":61},"end":{"line":204,"column":25}},"line":199}},"branchMap":{},"s":{"0":1,"1":1,"2":18,"3":1,"4":1,"5":1},"f":{"0":18},"b":{},"meta":{"lastBranch":0,"lastFunction":1,"lastStatement":6,"seen":{"s:4:22:197:Infinity":0,"s:199:37:204:Infinity":1,"f:199:55:199:61":0,"s:199:61:204:25":2,"s:206:30:206:Infinity":3,"s:207:34:207:Infinity":4,"s:208:33:208:Infinity":5}}}
,"D:\\DESENVOLVIMENTO\\MEUS PROJETOS\\FIT-TRACKER\\sistema\\hooks\\useWorkoutLogger.ts": {"path":"D:\\DESENVOLVIMENTO\\MEUS PROJETOS\\FIT-TRACKER\\sistema\\hooks\\useWorkoutLogger.ts","statementMap":{"0":{"start":{"line":15,"column":32},"end":{"line":71,"column":null}},"1":{"start":{"line":16,"column":10},"end":{"line":16,"column":null}},"2":{"start":{"line":16,"column":51},"end":{"line":16,"column":70}},"3":{"start":{"line":17,"column":10},"end":{"line":17,"column":null}},"4":{"start":{"line":17,"column":54},"end":{"line":17,"column":76}},"5":{"start":{"line":18,"column":10},"end":{"line":18,"column":null}},"6":{"start":{"line":18,"column":42},"end":{"line":18,"column":52}},"7":{"start":{"line":19,"column":10},"end":{"line":19,"column":null}},"8":{"start":{"line":19,"column":44},"end":{"line":19,"column":56}},"9":{"start":{"line":20,"column":10},"end":{"line":20,"column":null}},"10":{"start":{"line":20,"column":47},"end":{"line":20,"column":62}},"11":{"start":{"line":21,"column":10},"end":{"line":21,"column":null}},"12":{"start":{"line":21,"column":47},"end":{"line":21,"column":62}},"13":{"start":{"line":22,"column":10},"end":{"line":22,"column":null}},"14":{"start":{"line":22,"column":47},"end":{"line":22,"column":62}},"15":{"start":{"line":23,"column":10},"end":{"line":23,"column":null}},"16":{"start":{"line":23,"column":48},"end":{"line":23,"column":64}},"17":{"start":{"line":24,"column":10},"end":{"line":24,"column":null}},"18":{"start":{"line":24,"column":52},"end":{"line":24,"column":72}},"19":{"start":{"line":26,"column":50},"end":{"line":26,"column":null}},"20":{"start":{"line":27,"column":46},"end":{"line":27,"column":null}},"21":{"start":{"line":28,"column":48},"end":{"line":28,"column":null}},"22":{"start":{"line":30,"column":10},"end":{"line":46,"column":null}},"23":{"start":{"line":31,"column":8},"end":{"line":31,"column":null}},"24":{"start":{"line":32,"column":8},"end":{"line":45,"column":null}},"25":{"start":{"line":33,"column":29},"end":{"line":39,"column":null}},"26":{"start":{"line":34,"column":30},"end":{"line":34,"column":null}},"27":{"start":{"line":35,"column":24},"end":{"line":39,"column":37}},"28":{"start":{"line":40,"column":12},"end":{"line":40,"column":null}},"29":{"start":{"line":41,"column":12},"end":{"line":41,"column":null}},"30":{"start":{"line":42,"column":12},"end":{"line":42,"column":null}},"31":{"start":{"line":44,"column":12},"end":{"line":44,"column":null}},"32":{"start":{"line":48,"column":10},"end":{"line":52,"column":null}},"33":{"start":{"line":49,"column":8},"end":{"line":49,"column":null}},"34":{"start":{"line":50,"column":8},"end":{"line":50,"column":null}},"35":{"start":{"line":51,"column":8},"end":{"line":51,"column":null}},"36":{"start":{"line":54,"column":4},"end":{"line":70,"column":null}}},"fnMap":{"0":{"name":"(anonymous_0)","decl":{"start":{"line":15,"column":32},"end":{"line":15,"column":38}},"loc":{"start":{"line":15,"column":38},"end":{"line":71,"column":null}},"line":15},"1":{"name":"(anonymous_1)","decl":{"start":{"line":16,"column":42},"end":{"line":16,"column":51}},"loc":{"start":{"line":16,"column":51},"end":{"line":16,"column":70}},"line":16},"2":{"name":"(anonymous_2)","decl":{"start":{"line":17,"column":45},"end":{"line":17,"column":54}},"loc":{"start":{"line":17,"column":54},"end":{"line":17,"column":76}},"line":17},"3":{"name":"(anonymous_3)","decl":{"start":{"line":18,"column":33},"end":{"line":18,"column":42}},"loc":{"start":{"line":18,"column":42},"end":{"line":18,"column":52}},"line":18},"4":{"name":"(anonymous_4)","decl":{"start":{"line":19,"column":35},"end":{"line":19,"column":44}},"loc":{"start":{"line":19,"column":44},"end":{"line":19,"column":56}},"line":19},"5":{"name":"(anonymous_5)","decl":{"start":{"line":20,"column":38},"end":{"line":20,"column":47}},"loc":{"start":{"line":20,"column":47},"end":{"line":20,"column":62}},"line":20},"6":{"name":"(anonymous_6)","decl":{"start":{"line":21,"column":38},"end":{"line":21,"column":47}},"loc":{"start":{"line":21,"column":47},"end":{"line":21,"column":62}},"line":21},"7":{"name":"(anonymous_7)","decl":{"start":{"line":22,"column":38},"end":{"line":22,"column":47}},"loc":{"start":{"line":22,"column":47},"end":{"line":22,"column":62}},"line":22},"8":{"name":"(anonymous_8)","decl":{"start":{"line":23,"column":39},"end":{"line":23,"column":48}},"loc":{"start":{"line":23,"column":48},"end":{"line":23,"column":64}},"line":23},"9":{"name":"(anonymous_9)","decl":{"start":{"line":24,"column":43},"end":{"line":24,"column":52}},"loc":{"start":{"line":24,"column":52},"end":{"line":24,"column":72}},"line":24},"10":{"name":"(anonymous_10)","decl":{"start":{"line":30,"column":42},"end":{"line":30,"column":43}},"loc":{"start":{"line":30,"column":65},"end":{"line":46,"column":7}},"line":30},"11":{"name":"(anonymous_11)","decl":{"start":{"line":34,"column":16},"end":{"line":34,"column":17}},"loc":{"start":{"line":34,"column":30},"end":{"line":34,"column":null}},"line":34},"12":{"name":"(anonymous_12)","decl":{"start":{"line":35,"column":18},"end":{"line":35,"column":24}},"loc":{"start":{"line":35,"column":24},"end":{"line":39,"column":37}},"line":35},"13":{"name":"(anonymous_13)","decl":{"start":{"line":48,"column":45},"end":{"line":48,"column":46}},"loc":{"start":{"line":48,"column":69},"end":{"line":52,"column":7}},"line":48}},"branchMap":{"0":{"loc":{"start":{"line":32,"column":8},"end":{"line":45,"column":null}},"type":"if","locations":[{"start":{"line":32,"column":8},"end":{"line":45,"column":null}},{"start":{"line":43,"column":15},"end":{"line":45,"column":null}}],"line":32}},"s":{"0":1,"1":4,"2":4,"3":4,"4":4,"5":4,"6":4,"7":4,"8":4,"9":4,"10":4,"11":4,"12":4,"13":4,"14":4,"15":4,"16":4,"17":4,"18":4,"19":4,"20":4,"21":4,"22":4,"23":1,"24":1,"25":1,"26":18,"27":2,"28":1,"29":1,"30":1,"31":0,"32":4,"33":1,"34":1,"35":1,"36":4},"f":{"0":4,"1":4,"2":4,"3":4,"4":4,"5":4,"6":4,"7":4,"8":4,"9":4,"10":1,"11":18,"12":2,"13":1},"b":{"0":[1,0]},"meta":{"lastBranch":1,"lastFunction":14,"lastStatement":37,"seen":{"s:15:32:71:Infinity":0,"f:15:32:15:38":0,"s:16:10:16:Infinity":1,"f:16:42:16:51":1,"s:16:51:16:70":2,"s:17:10:17:Infinity":3,"f:17:45:17:54":2,"s:17:54:17:76":4,"s:18:10:18:Infinity":5,"f:18:33:18:42":3,"s:18:42:18:52":6,"s:19:10:19:Infinity":7,"f:19:35:19:44":4,"s:19:44:19:56":8,"s:20:10:20:Infinity":9,"f:20:38:20:47":5,"s:20:47:20:62":10,"s:21:10:21:Infinity":11,"f:21:38:21:47":6,"s:21:47:21:62":12,"s:22:10:22:Infinity":13,"f:22:38:22:47":7,"s:22:47:22:62":14,"s:23:10:23:Infinity":15,"f:23:39:23:48":8,"s:23:48:23:64":16,"s:24:10:24:Infinity":17,"f:24:43:24:52":9,"s:24:52:24:72":18,"s:26:50:26:Infinity":19,"s:27:46:27:Infinity":20,"s:28:48:28:Infinity":21,"s:30:10:46:Infinity":22,"f:30:42:30:43":10,"s:31:8:31:Infinity":23,"b:32:8:45:Infinity:43:15:45:Infinity":0,"s:32:8:45:Infinity":24,"s:33:29:39:Infinity":25,"f:34:16:34:17":11,"s:34:30:34:Infinity":26,"f:35:18:35:24":12,"s:35:24:39:37":27,"s:40:12:40:Infinity":28,"s:41:12:41:Infinity":29,"s:42:12:42:Infinity":30,"s:44:12:44:Infinity":31,"s:48:10:52:Infinity":32,"f:48:45:48:46":13,"s:49:8:49:Infinity":33,"s:50:8:50:Infinity":34,"s:51:8:51:Infinity":35,"s:54:4:70:Infinity":36}}}
,"D:\\DESENVOLVIMENTO\\MEUS PROJETOS\\FIT-TRACKER\\sistema\\lib\\logrocket.ts": {"path":"D:\\DESENVOLVIMENTO\\MEUS PROJETOS\\FIT-TRACKER\\sistema\\lib\\logrocket.ts","statementMap":{"0":{"start":{"line":4,"column":15},"end":{"line":4,"column":null}},"1":{"start":{"line":6,"column":29},"end":{"line":16,"column":null}},"2":{"start":{"line":7,"column":4},"end":{"line":10,"column":null}},"3":{"start":{"line":8,"column":8},"end":{"line":8,"column":null}},"4":{"start":{"line":9,"column":8},"end":{"line":9,"column":null}},"5":{"start":{"line":12,"column":4},"end":{"line":15,"column":null}},"6":{"start":{"line":18,"column":32},"end":{"line":25,"column":null}},"7":{"start":{"line":19,"column":4},"end":{"line":24,"column":null}},"8":{"start":{"line":20,"column":8},"end":{"line":23,"column":null}},"9":{"start":{"line":27,"column":30},"end":{"line":36,"column":null}},"10":{"start":{"line":28,"column":4},"end":{"line":35,"column":null}},"11":{"start":{"line":29,"column":8},"end":{"line":34,"column":null}}},"fnMap":{"0":{"name":"(anonymous_0)","decl":{"start":{"line":6,"column":29},"end":{"line":6,"column":35}},"loc":{"start":{"line":6,"column":35},"end":{"line":16,"column":null}},"line":6},"1":{"name":"(anonymous_1)","decl":{"start":{"line":18,"column":32},"end":{"line":18,"column":33}},"loc":{"start":{"line":18,"column":96},"end":{"line":25,"column":null}},"line":18},"2":{"name":"(anonymous_2)","decl":{"start":{"line":27,"column":30},"end":{"line":27,"column":31}},"loc":{"start":{"line":27,"column":78},"end":{"line":36,"column":null}},"line":27}},"branchMap":{"0":{"loc":{"start":{"line":7,"column":4},"end":{"line":10,"column":null}},"type":"if","locations":[{"start":{"line":7,"column":4},"end":{"line":10,"column":null}},{"start":{},"end":{}}],"line":7},"1":{"loc":{"start":{"line":19,"column":4},"end":{"line":24,"column":null}},"type":"if","locations":[{"start":{"line":19,"column":4},"end":{"line":24,"column":null}},{"start":{},"end":{}}],"line":19},"2":{"loc":{"start":{"line":19,"column":8},"end":{"line":19,"column":24}},"type":"binary-expr","locations":[{"start":{"line":19,"column":8},"end":{"line":19,"column":16}},{"start":{"line":19,"column":16},"end":{"line":19,"column":24}}],"line":19},"3":{"loc":{"start":{"line":28,"column":4},"end":{"line":35,"column":null}},"type":"if","locations":[{"start":{"line":28,"column":4},"end":{"line":35,"column":null}},{"start":{},"end":{}}],"line":28}},"s":{"0":1,"1":1,"2":1,"3":0,"4":0,"5":1,"6":1,"7":1,"8":1,"9":1,"10":1,"11":1},"f":{"0":1,"1":1,"2":1},"b":{"0":[0,1],"1":[1,0],"2":[1,1],"3":[1,0]},"meta":{"lastBranch":4,"lastFunction":3,"lastStatement":12,"seen":{"s:4:15:4:Infinity":0,"s:6:29:16:Infinity":1,"f:6:29:6:35":0,"b:7:4:10:Infinity:undefined:undefined:undefined:undefined":0,"s:7:4:10:Infinity":2,"s:8:8:8:Infinity":3,"s:9:8:9:Infinity":4,"s:12:4:15:Infinity":5,"s:18:32:25:Infinity":6,"f:18:32:18:33":1,"b:19:4:24:Infinity:undefined:undefined:undefined:undefined":1,"s:19:4:24:Infinity":7,"b:19:8:19:16:19:16:19:24":2,"s:20:8:23:Infinity":8,"s:27:30:36:Infinity":9,"f:27:30:27:31":2,"b:28:4:35:Infinity:undefined:undefined:undefined:undefined":3,"s:28:4:35:Infinity":10,"s:29:8:34:Infinity":11}}}
,"D:\\DESENVOLVIMENTO\\MEUS PROJETOS\\FIT-TRACKER\\sistema\\lib\\security.ts": {"path":"D:\\DESENVOLVIMENTO\\MEUS PROJETOS\\FIT-TRACKER\\sistema\\lib\\security.ts","statementMap":{"0":{"start":{"line":7,"column":24},"end":{"line":10,"column":null}},"1":{"start":{"line":8,"column":4},"end":{"line":8,"column":null}},"2":{"start":{"line":8,"column":15},"end":{"line":8,"column":null}},"3":{"start":{"line":9,"column":4},"end":{"line":9,"column":null}},"4":{"start":{"line":17,"column":27},"end":{"line":20,"column":null}},"5":{"start":{"line":22,"column":28},"end":{"line":24,"column":null}},"6":{"start":{"line":27,"column":29},"end":{"line":30,"column":null}},"7":{"start":{"line":33,"column":29},"end":{"line":40,"column":null}},"8":{"start":{"line":46,"column":19},"end":{"line":46,"column":null}},"9":{"start":{"line":48,"column":30},"end":{"line":58,"column":null}},"10":{"start":{"line":49,"column":16},"end":{"line":49,"column":null}},"11":{"start":{"line":50,"column":21},"end":{"line":50,"column":null}},"12":{"start":{"line":52,"column":4},"end":{"line":54,"column":null}},"13":{"start":{"line":53,"column":8},"end":{"line":53,"column":null}},"14":{"start":{"line":56,"column":4},"end":{"line":56,"column":null}},"15":{"start":{"line":57,"column":4},"end":{"line":57,"column":null}},"16":{"start":{"line":64,"column":25},"end":{"line":87,"column":null}},"17":{"start":{"line":65,"column":4},"end":{"line":70,"column":null}},"18":{"start":{"line":67,"column":8},"end":{"line":69,"column":null}},"19":{"start":{"line":72,"column":4},"end":{"line":84,"column":null}},"20":{"start":{"line":73,"column":25},"end":{"line":73,"column":null}},"21":{"start":{"line":74,"column":30},"end":{"line":74,"column":null}},"22":{"start":{"line":76,"column":8},"end":{"line":82,"column":null}},"23":{"start":{"line":77,"column":12},"end":{"line":81,"column":null}},"24":{"start":{"line":77,"column":41},"end":{"line":77,"column":71}},"25":{"start":{"line":78,"column":16},"end":{"line":78,"column":null}},"26":{"start":{"line":80,"column":16},"end":{"line":80,"column":null}},"27":{"start":{"line":83,"column":8},"end":{"line":83,"column":null}},"28":{"start":{"line":86,"column":4},"end":{"line":86,"column":null}}},"fnMap":{"0":{"name":"(anonymous_0)","decl":{"start":{"line":7,"column":24},"end":{"line":7,"column":25}},"loc":{"start":{"line":7,"column":50},"end":{"line":10,"column":null}},"line":7},"1":{"name":"(anonymous_1)","decl":{"start":{"line":48,"column":30},"end":{"line":48,"column":31}},"loc":{"start":{"line":48,"column":80},"end":{"line":58,"column":null}},"line":48},"2":{"name":"(anonymous_2)","decl":{"start":{"line":64,"column":25},"end":{"line":64,"column":26}},"loc":{"start":{"line":64,"column":45},"end":{"line":87,"column":null}},"line":64},"3":{"name":"(anonymous_3)","decl":{"start":{"line":77,"column":35},"end":{"line":77,"column":41}},"loc":{"start":{"line":77,"column":41},"end":{"line":77,"column":71}},"line":77}},"branchMap":{"0":{"loc":{"start":{"line":8,"column":4},"end":{"line":8,"column":null}},"type":"if","locations":[{"start":{"line":8,"column":4},"end":{"line":8,"column":null}},{"start":{},"end":{}}],"line":8},"1":{"loc":{"start":{"line":48,"column":44},"end":{"line":48,"column":80}},"type":"default-arg","locations":[{"start":{"line":48,"column":62},"end":{"line":48,"column":80}}],"line":48},"2":{"loc":{"start":{"line":50,"column":21},"end":{"line":50,"column":null}},"type":"binary-expr","locations":[{"start":{"line":50,"column":21},"end":{"line":50,"column":44}},{"start":{"line":50,"column":44},"end":{"line":50,"column":null}}],"line":50},"3":{"loc":{"start":{"line":52,"column":4},"end":{"line":54,"column":null}},"type":"if","locations":[{"start":{"line":52,"column":4},"end":{"line":54,"column":null}},{"start":{},"end":{}}],"line":52},"4":{"loc":{"start":{"line":65,"column":4},"end":{"line":70,"column":null}},"type":"if","locations":[{"start":{"line":65,"column":4},"end":{"line":70,"column":null}},{"start":{},"end":{}}],"line":65},"5":{"loc":{"start":{"line":72,"column":4},"end":{"line":84,"column":null}},"type":"if","locations":[{"start":{"line":72,"column":4},"end":{"line":84,"column":null}},{"start":{},"end":{}}],"line":72},"6":{"loc":{"start":{"line":72,"column":8},"end":{"line":72,"column":42}},"type":"binary-expr","locations":[{"start":{"line":72,"column":8},"end":{"line":72,"column":16}},{"start":{"line":72,"column":16},"end":{"line":72,"column":42}}],"line":72},"7":{"loc":{"start":{"line":73,"column":25},"end":{"line":73,"column":null}},"type":"cond-expr","locations":[{"start":{"line":73,"column":47},"end":{"line":73,"column":59}},{"start":{"line":73,"column":59},"end":{"line":73,"column":null}}],"line":73},"8":{"loc":{"start":{"line":77,"column":12},"end":{"line":81,"column":null}},"type":"if","locations":[{"start":{"line":77,"column":12},"end":{"line":81,"column":null}},{"start":{"line":79,"column":19},"end":{"line":81,"column":null}}],"line":77}},"s":{"0":2,"1":7,"2":1,"3":6,"4":2,"5":2,"6":2,"7":2,"8":2,"9":2,"10":5,"11":5,"12":5,"13":3,"14":2,"15":2,"16":2,"17":12,"18":4,"19":8,"20":4,"21":4,"22":4,"23":8,"24":44,"25":4,"26":4,"27":4,"28":4},"f":{"0":7,"1":5,"2":12,"3":44},"b":{"0":[1,6],"1":[5],"2":[5,1],"3":[3,2],"4":[4,8],"5":[4,4],"6":[8,6],"7":[1,3],"8":[4,4]},"meta":{"lastBranch":9,"lastFunction":4,"lastStatement":29,"seen":{"s:7:24:10:Infinity":0,"f:7:24:7:25":0,"b:8:4:8:Infinity:undefined:undefined:undefined:undefined":0,"s:8:4:8:Infinity":1,"s:8:15:8:Infinity":2,"s:9:4:9:Infinity":3,"s:17:27:20:Infinity":4,"s:22:28:24:Infinity":5,"s:27:29:30:Infinity":6,"s:33:29:40:Infinity":7,"s:46:19:46:Infinity":8,"s:48:30:58:Infinity":9,"f:48:30:48:31":1,"b:48:62:48:80":1,"s:49:16:49:Infinity":10,"s:50:21:50:Infinity":11,"b:50:21:50:44:50:44:50:Infinity":2,"b:52:4:54:Infinity:undefined:undefined:undefined:undefined":3,"s:52:4:54:Infinity":12,"s:53:8:53:Infinity":13,"s:56:4:56:Infinity":14,"s:57:4:57:Infinity":15,"s:64:25:87:Infinity":16,"f:64:25:64:26":2,"b:65:4:70:Infinity:undefined:undefined:undefined:undefined":4,"s:65:4:70:Infinity":17,"s:67:8:69:Infinity":18,"b:72:4:84:Infinity:undefined:undefined:undefined:undefined":5,"s:72:4:84:Infinity":19,"b:72:8:72:16:72:16:72:42":6,"s:73:25:73:Infinity":20,"b:73:47:73:59:73:59:73:Infinity":7,"s:74:30:74:Infinity":21,"s:76:8:82:Infinity":22,"b:77:12:81:Infinity:79:19:81:Infinity":8,"s:77:12:81:Infinity":23,"f:77:35:77:41":3,"s:77:41:77:71":24,"s:78:16:78:Infinity":25,"s:80:16:80:Infinity":26,"s:83:8:83:Infinity":27,"s:86:4:86:Infinity":28}}}
,"D:\\DESENVOLVIMENTO\\MEUS PROJETOS\\FIT-TRACKER\\sistema\\pages\\Dashboard.tsx": {"path":"D:\\DESENVOLVIMENTO\\MEUS PROJETOS\\FIT-TRACKER\\sistema\\pages\\Dashboard.tsx","statementMap":{"0":{"start":{"line":11,"column":6},"end":{"line":11,"column":null}},"1":{"start":{"line":11,"column":38},"end":{"line":11,"column":null}},"2":{"start":{"line":13,"column":28},"end":{"line":330,"column":null}},"3":{"start":{"line":14,"column":8},"end":{"line":14,"column":null}},"4":{"start":{"line":15,"column":26},"end":{"line":15,"column":null}},"5":{"start":{"line":16,"column":32},"end":{"line":16,"column":null}},"6":{"start":{"line":17,"column":32},"end":{"line":22,"column":null}},"7":{"start":{"line":23,"column":42},"end":{"line":23,"column":null}},"8":{"start":{"line":24,"column":44},"end":{"line":24,"column":null}},"9":{"start":{"line":25,"column":28},"end":{"line":25,"column":null}},"10":{"start":{"line":28,"column":2},"end":{"line":117,"column":null}},"11":{"start":{"line":29,"column":25},"end":{"line":112,"column":null}},"12":{"start":{"line":30,"column":6},"end":{"line":30,"column":null}},"13":{"start":{"line":30,"column":21},"end":{"line":30,"column":null}},"14":{"start":{"line":32,"column":6},"end":{"line":111,"column":null}},"15":{"start":{"line":33,"column":8},"end":{"line":33,"column":null}},"16":{"start":{"line":36,"column":28},"end":{"line":42,"column":null}},"17":{"start":{"line":45,"column":8},"end":{"line":52,"column":null}},"18":{"start":{"line":46,"column":10},"end":{"line":51,"column":null}},"19":{"start":{"line":55,"column":31},"end":{"line":67,"column":null}},"20":{"start":{"line":73,"column":8},"end":{"line":85,"column":null}},"21":{"start":{"line":73,"column":57},"end":{"line":85,"column":10}},"22":{"start":{"line":88,"column":30},"end":{"line":96,"column":null}},"23":{"start":{"line":102,"column":8},"end":{"line":105,"column":null}},"24":{"start":{"line":102,"column":56},"end":{"line":105,"column":10}},"25":{"start":{"line":108,"column":8},"end":{"line":108,"column":null}},"26":{"start":{"line":110,"column":8},"end":{"line":110,"column":null}},"27":{"start":{"line":114,"column":4},"end":{"line":116,"column":null}},"28":{"start":{"line":115,"column":6},"end":{"line":115,"column":null}},"29":{"start":{"line":119,"column":22},"end":{"line":121,"column":null}},"30":{"start":{"line":120,"column":4},"end":{"line":120,"column":null}},"31":{"start":{"line":123,"column":2},"end":{"line":328,"column":null}},"32":{"start":{"line":149,"column":27},"end":{"line":149,"column":null}},"33":{"start":{"line":242,"column":27},"end":{"line":242,"column":null}},"34":{"start":{"line":266,"column":16},"end":{"line":269,"column":null}},"35":{"start":{"line":288,"column":59},"end":{"line":288,"column":82}},"36":{"start":{"line":294,"column":12},"end":{"line":318,"column":null}},"37":{"start":{"line":296,"column":29},"end":{"line":296,"column":null}}},"fnMap":{"0":{"name":"(anonymous_0)","decl":{"start":{"line":11,"column":32},"end":{"line":11,"column":38}},"loc":{"start":{"line":11,"column":38},"end":{"line":11,"column":null}},"line":11},"1":{"name":"(anonymous_1)","decl":{"start":{"line":13,"column":28},"end":{"line":13,"column":34}},"loc":{"start":{"line":13,"column":34},"end":{"line":330,"column":null}},"line":13},"2":{"name":"(anonymous_2)","decl":{"start":{"line":28,"column":12},"end":{"line":28,"column":18}},"loc":{"start":{"line":28,"column":18},"end":{"line":117,"column":5}},"line":28},"3":{"name":"(anonymous_3)","decl":{"start":{"line":29,"column":25},"end":{"line":29,"column":37}},"loc":{"start":{"line":29,"column":37},"end":{"line":112,"column":null}},"line":29},"4":{"name":"(anonymous_4)","decl":{"start":{"line":73,"column":45},"end":{"line":73,"column":57}},"loc":{"start":{"line":73,"column":57},"end":{"line":85,"column":10}},"line":73},"5":{"name":"(anonymous_5)","decl":{"start":{"line":102,"column":45},"end":{"line":102,"column":56}},"loc":{"start":{"line":102,"column":56},"end":{"line":105,"column":10}},"line":102},"6":{"name":"(anonymous_6)","decl":{"start":{"line":119,"column":22},"end":{"line":119,"column":28}},"loc":{"start":{"line":119,"column":28},"end":{"line":121,"column":null}},"line":119},"7":{"name":"(anonymous_7)","decl":{"start":{"line":149,"column":21},"end":{"line":149,"column":27}},"loc":{"start":{"line":149,"column":27},"end":{"line":149,"column":null}},"line":149},"8":{"name":"(anonymous_8)","decl":{"start":{"line":242,"column":21},"end":{"line":242,"column":27}},"loc":{"start":{"line":242,"column":27},"end":{"line":242,"column":null}},"line":242},"9":{"name":"(anonymous_9)","decl":{"start":{"line":265,"column":64},"end":{"line":265,"column":65}},"loc":{"start":{"line":266,"column":16},"end":{"line":269,"column":null}},"line":266},"10":{"name":"(anonymous_10)","decl":{"start":{"line":288,"column":53},"end":{"line":288,"column":59}},"loc":{"start":{"line":288,"column":59},"end":{"line":288,"column":82}},"line":288},"11":{"name":"(anonymous_11)","decl":{"start":{"line":293,"column":58},"end":{"line":293,"column":59}},"loc":{"start":{"line":294,"column":12},"end":{"line":318,"column":null}},"line":294},"12":{"name":"(anonymous_12)","decl":{"start":{"line":296,"column":23},"end":{"line":296,"column":29}},"loc":{"start":{"line":296,"column":29},"end":{"line":296,"column":null}},"line":296}},"branchMap":{"0":{"loc":{"start":{"line":30,"column":6},"end":{"line":30,"column":null}},"type":"if","locations":[{"start":{"line":30,"column":6},"end":{"line":30,"column":null}},{"start":{},"end":{}}],"line":30},"1":{"loc":{"start":{"line":45,"column":8},"end":{"line":52,"column":null}},"type":"if","locations":[{"start":{"line":45,"column":8},"end":{"line":52,"column":null}},{"start":{},"end":{}}],"line":45},"2":{"loc":{"start":{"line":47,"column":27},"end":{"line":47,"column":null}},"type":"binary-expr","locations":[{"start":{"line":47,"column":27},"end":{"line":47,"column":70}},{"start":{"line":47,"column":70},"end":{"line":47,"column":null}}],"line":47},"3":{"loc":{"start":{"line":48,"column":25},"end":{"line":48,"column":null}},"type":"binary-expr","locations":[{"start":{"line":48,"column":25},"end":{"line":48,"column":68}},{"start":{"line":48,"column":68},"end":{"line":48,"column":null}}],"line":48},"4":{"loc":{"start":{"line":49,"column":39},"end":{"line":49,"column":87}},"type":"binary-expr","locations":[{"start":{"line":49,"column":39},"end":{"line":49,"column":86}},{"start":{"line":49,"column":86},"end":{"line":49,"column":87}}],"line":49},"5":{"loc":{"start":{"line":74,"column":17},"end":{"line":74,"column":null}},"type":"binary-expr","locations":[{"start":{"line":74,"column":17},"end":{"line":74,"column":38}},{"start":{"line":74,"column":38},"end":{"line":74,"column":null}}],"line":74},"6":{"loc":{"start":{"line":80,"column":15},"end":{"line":80,"column":null}},"type":"cond-expr","locations":[{"start":{"line":80,"column":35},"end":{"line":80,"column":49}},{"start":{"line":80,"column":49},"end":{"line":80,"column":null}}],"line":80},"7":{"loc":{"start":{"line":83,"column":16},"end":{"line":83,"column":null}},"type":"cond-expr","locations":[{"start":{"line":83,"column":36},"end":{"line":83,"column":55}},{"start":{"line":83,"column":55},"end":{"line":83,"column":null}}],"line":83},"8":{"loc":{"start":{"line":84,"column":17},"end":{"line":84,"column":null}},"type":"cond-expr","locations":[{"start":{"line":84,"column":37},"end":{"line":84,"column":48}},{"start":{"line":84,"column":48},"end":{"line":84,"column":null}}],"line":84},"9":{"loc":{"start":{"line":114,"column":4},"end":{"line":116,"column":null}},"type":"if","locations":[{"start":{"line":114,"column":4},"end":{"line":116,"column":null}},{"start":{},"end":{}}],"line":114},"10":{"loc":{"start":{"line":120,"column":13},"end":{"line":120,"column":60}},"type":"cond-expr","locations":[{"start":{"line":120,"column":36},"end":{"line":120,"column":50}},{"start":{"line":120,"column":50},"end":{"line":120,"column":60}}],"line":120},"11":{"loc":{"start":{"line":129,"column":33},"end":{"line":129,"column":72}},"type":"binary-expr","locations":[{"start":{"line":129,"column":33},"end":{"line":129,"c
[...]
,"D:\\DESENVOLVIMENTO\\MEUS PROJETOS\\FIT-TRACKER\\sistema\\stores\\useSettingsStore.ts": {"path":"D:\\DESENVOLVIMENTO\\MEUS PROJETOS\\FIT-TRACKER\\sistema\\stores\\useSettingsStore.ts","statementMap":{"0":{"start":{"line":13,"column":13},"end":{"line":27,"column":null}},"1":{"start":{"line":15,"column":18},"end":{"line":22,"column":null}},"2":{"start":{"line":19,"column":39},"end":{"line":19,"column":null}},"3":{"start":{"line":20,"column":39},"end":{"line":20,"column":null}},"4":{"start":{"line":20,"column":55},"end":{"line":20,"column":109}},"5":{"start":{"line":21,"column":31},"end":{"line":21,"column":null}},"6":{"start":{"line":21,"column":47},"end":{"line":21,"column":85}}},"fnMap":{"0":{"name":"(anonymous_0)","decl":{"start":{"line":15,"column":8},"end":{"line":15,"column":9}},"loc":{"start":{"line":15,"column":18},"end":{"line":22,"column":null}},"line":15},"1":{"name":"(anonymous_1)","decl":{"start":{"line":19,"column":25},"end":{"line":19,"column":26}},"loc":{"start":{"line":19,"column":39},"end":{"line":19,"column":null}},"line":19},"2":{"name":"(anonymous_2)","decl":{"start":{"line":20,"column":33},"end":{"line":20,"column":39}},"loc":{"start":{"line":20,"column":39},"end":{"line":20,"column":null}},"line":20},"3":{"name":"(anonymous_3)","decl":{"start":{"line":20,"column":43},"end":{"line":20,"column":44}},"loc":{"start":{"line":20,"column":55},"end":{"line":20,"column":109}},"line":20},"4":{"name":"(anonymous_4)","decl":{"start":{"line":21,"column":25},"end":{"line":21,"column":31}},"loc":{"start":{"line":21,"column":31},"end":{"line":21,"column":null}},"line":21},"5":{"name":"(anonymous_5)","decl":{"start":{"line":21,"column":35},"end":{"line":21,"column":36}},"loc":{"start":{"line":21,"column":47},"end":{"line":21,"column":85}},"line":21}},"branchMap":{},"s":{"0":1,"1":1,"2":1,"3":2,"4":2,"5":1,"6":1},"f":{"0":1,"1":1,"2":2,"3":2,"4":1,"5":1},"b":{},"meta":{"lastBranch":0,"lastFunction":6,"lastStatement":7,"seen":{"s:13:13:27:Infinity":0,"f:15:8:15:9":0,"s:15:18:22:Infinity":1,"f:19:25:19:26":1,"s:19:39:19:Infinity":2,"f:20:33:20:39":2,"s:20:39:20:Infinity":3,"f:20:43:20:44":3,"s:20:55:20:109":4,"f:21:25:21:31":4,"s:21:31:21:Infinity":5,"f:21:35:21:36":5,"s:21:47:21:85":6}}}
,"D:\\DESENVOLVIMENTO\\MEUS PROJETOS\\FIT-TRACKER\\sistema\\stores\\useTimerStore.ts": {"path":"D:\\DESENVOLVIMENTO\\MEUS PROJETOS\\FIT-TRACKER\\sistema\\stores\\useTimerStore.ts","statementMap":{"0":{"start":{"line":15,"column":13},"end":{"line":38,"column":null}},"1":{"start":{"line":17,"column":18},"end":{"line":33,"column":null}},"2":{"start":{"line":21,"column":38},"end":{"line":21,"column":null}},"3":{"start":{"line":22,"column":29},"end":{"line":22,"column":null}},"4":{"start":{"line":23,"column":35},"end":{"line":23,"column":null}},"5":{"start":{"line":24,"column":37},"end":{"line":24,"column":null}},"6":{"start":{"line":24,"column":53},"end":{"line":24,"column":105}},"7":{"start":{"line":25,"column":24},"end":{"line":32,"column":null}},"8":{"start":{"line":26,"column":16},"end":{"line":26,"column":null}},"9":{"start":{"line":26,"column":37},"end":{"line":26,"column":null}},"10":{"start":{"line":27,"column":32},"end":{"line":27,"column":null}},"11":{"start":{"line":28,"column":16},"end":{"line":30,"column":null}},"12":{"start":{"line":29,"column":20},"end":{"line":29,"column":null}},"13":{"start":{"line":31,"column":16},"end":{"line":31,"column":null}}},"fnMap":{"0":{"name":"(anonymous_0)","decl":{"start":{"line":17,"column":8},"end":{"line":17,"column":9}},"loc":{"start":{"line":17,"column":18},"end":{"line":33,"column":null}},"line":17},"1":{"name":"(anonymous_1)","decl":{"start":{"line":21,"column":24},"end":{"line":21,"column":25}},"loc":{"start":{"line":21,"column":38},"end":{"line":21,"column":null}},"line":21},"2":{"name":"(anonymous_2)","decl":{"start":{"line":22,"column":23},"end":{"line":22,"column":29}},"loc":{"start":{"line":22,"column":29},"end":{"line":22,"column":null}},"line":22},"3":{"name":"(anonymous_3)","decl":{"start":{"line":23,"column":25},"end":{"line":23,"column":26}},"loc":{"start":{"line":23,"column":35},"end":{"line":23,"column":null}},"line":23},"4":{"name":"(anonymous_4)","decl":{"start":{"line":24,"column":24},"end":{"line":24,"column":25}},"loc":{"start":{"line":24,"column":37},"end":{"line":24,"column":null}},"line":24},"5":{"name":"(anonymous_5)","decl":{"start":{"line":24,"column":41},"end":{"line":24,"column":42}},"loc":{"start":{"line":24,"column":53},"end":{"line":24,"column":105}},"line":24},"6":{"name":"(anonymous_6)","decl":{"start":{"line":25,"column":18},"end":{"line":25,"column":24}},"loc":{"start":{"line":25,"column":24},"end":{"line":32,"column":null}},"line":25},"7":{"name":"(anonymous_7)","decl":{"start":{"line":25,"column":28},"end":{"line":25,"column":29}},"loc":{"start":{"line":25,"column":39},"end":{"line":32,"column":13}},"line":25}},"branchMap":{"0":{"loc":{"start":{"line":26,"column":16},"end":{"line":26,"column":null}},"type":"if","locations":[{"start":{"line":26,"column":16},"end":{"line":26,"column":null}},{"start":{},"end":{}}],"line":26},"1":{"loc":{"start":{"line":28,"column":16},"end":{"line":30,"column":null}},"type":"if","locations":[{"start":{"line":28,"column":16},"end":{"line":30,"column":null}},{"start":{},"end":{}}],"line":28}},"s":{"0":1,"1":1,"2":5,"3":6,"4":0,"5":3,"6":3,"7":2,"8":2,"9":0,"10":2,"11":2,"12":1,"13":1},"f":{"0":1,"1":5,"2":6,"3":0,"4":3,"5":3,"6":2,"7":2},"b":{"0":[0,2],"1":[1,1]},"meta":{"lastBranch":2,"lastFunction":8,"lastStatement":14,"seen":{"s:15:13:38:Infinity":0,"f:17:8:17:9":0,"s:17:18:33:Infinity":1,"f:21:24:21:25":1,"s:21:38:21:Infinity":2,"f:22:23:22:29":2,"s:22:29:22:Infinity":3,"f:23:25:23:26":3,"s:23:35:23:Infinity":4,"f:24:24:24:25":4,"s:24:37:24:Infinity":5,"f:24:41:24:42":5,"s:24:53:24:105":6,"f:25:18:25:24":6,"s:25:24:32:Infinity":7,"f:25:28:25:29":7,"b:26:16:26:Infinity:undefined:undefined:undefined:undefined":0,"s:26:16:26:Infinity":8,"s:26:37:26:Infinity":9,"s:27:32:27:Infinity":10,"b:28:16:30:Infinity:undefined:undefined:undefined:undefined":1,"s:28:16:30:Infinity":11,"s:29:20:29:Infinity":12,"s:31:16:31:Infinity":13}}}
,"D:\\DESENVOLVIMENTO\\MEUS PROJETOS\\FIT-TRACKER\\sistema\\stores\\useUIStore.ts": {"path":"D:\\DESENVOLVIMENTO\\MEUS PROJETOS\\FIT-TRACKER\\sistema\\stores\\useUIStore.ts","statementMap":{"0":{"start":{"line":24,"column":13},"end":{"line":45,"column":null}},"1":{"start":{"line":26,"column":18},"end":{"line":39,"column":null}},"2":{"start":{"line":30,"column":33},"end":{"line":30,"column":null}},"3":{"start":{"line":31,"column":33},"end":{"line":31,"column":null}},"4":{"start":{"line":31,"column":49},"end":{"line":31,"column":85}},"5":{"start":{"line":32,"column":38},"end":{"line":32,"column":null}},"6":{"start":{"line":34,"column":27},"end":{"line":34,"column":null}},"7":{"start":{"line":35,"column":33},"end":{"line":35,"column":null}},"8":{"start":{"line":36,"column":16},"end":{"line":36,"column":null}},"9":{"start":{"line":36,"column":32},"end":{"line":36,"column":72}},"10":{"start":{"line":38,"column":33},"end":{"line":38,"column":null}},"11":{"start":{"line":38,"column":49},"end":{"line":38,"column":101}},"12":{"start":{"line":38,"column":86},"end":{"line":38,"column":97}},"13":{"start":{"line":42,"column":36},"end":{"line":42,"column":null}}},"fnMap":{"0":{"name":"(anonymous_0)","decl":{"start":{"line":26,"column":8},"end":{"line":26,"column":9}},"loc":{"start":{"line":26,"column":18},"end":{"line":39,"column":null}},"line":26},"1":{"name":"(anonymous_1)","decl":{"start":{"line":30,"column":22},"end":{"line":30,"column":23}},"loc":{"start":{"line":30,"column":33},"end":{"line":30,"column":null}},"line":30},"2":{"name":"(anonymous_2)","decl":{"start":{"line":31,"column":27},"end":{"line":31,"column":33}},"loc":{"start":{"line":31,"column":33},"end":{"line":31,"column":null}},"line":31},"3":{"name":"(anonymous_3)","decl":{"start":{"line":31,"column":37},"end":{"line":31,"column":38}},"loc":{"start":{"line":31,"column":49},"end":{"line":31,"column":85}},"line":31},"4":{"name":"(anonymous_4)","decl":{"start":{"line":32,"column":28},"end":{"line":32,"column":29}},"loc":{"start":{"line":32,"column":38},"end":{"line":32,"column":null}},"line":32},"5":{"name":"(anonymous_5)","decl":{"start":{"line":33,"column":22},"end":{"line":33,"column":23}},"loc":{"start":{"line":33,"column":33},"end":{"line":37,"column":null}},"line":33},"6":{"name":"(anonymous_6)","decl":{"start":{"line":36,"column":20},"end":{"line":36,"column":21}},"loc":{"start":{"line":36,"column":32},"end":{"line":36,"column":72}},"line":36},"7":{"name":"(anonymous_7)","decl":{"start":{"line":38,"column":25},"end":{"line":38,"column":26}},"loc":{"start":{"line":38,"column":33},"end":{"line":38,"column":null}},"line":38},"8":{"name":"(anonymous_8)","decl":{"start":{"line":38,"column":37},"end":{"line":38,"column":38}},"loc":{"start":{"line":38,"column":49},"end":{"line":38,"column":101}},"line":38},"9":{"name":"(anonymous_9)","decl":{"start":{"line":38,"column":79},"end":{"line":38,"column":80}},"loc":{"start":{"line":38,"column":86},"end":{"line":38,"column":97}},"line":38},"10":{"name":"(anonymous_10)","decl":{"start":{"line":42,"column":24},"end":{"line":42,"column":25}},"loc":{"start":{"line":42,"column":36},"end":{"line":42,"column":null}},"line":42}},"branchMap":{},"s":{"0":1,"1":1,"2":1,"3":2,"4":2,"5":0,"6":1,"7":1,"8":1,"9":1,"10":1,"11":1,"12":1,"13":8},"f":{"0":1,"1":1,"2":2,"3":2,"4":0,"5":1,"6":1,"7":1,"8":1,"9":1,"10":8},"b":{},"meta":{"lastBranch":0,"lastFunction":11,"lastStatement":14,"seen":{"s:24:13:45:Infinity":0,"f:26:8:26:9":0,"s:26:18:39:Infinity":1,"f:30:22:30:23":1,"s:30:33:30:Infinity":2,"f:31:27:31:33":2,"s:31:33:31:Infinity":3,"f:31:37:31:38":3,"s:31:49:31:85":4,"f:32:28:32:29":4,"s:32:38:32:Infinity":5,"f:33:22:33:23":5,"s:34:27:34:Infinity":6,"s:35:33:35:Infinity":7,"s:36:16:36:Infinity":8,"f:36:20:36:21":6,"s:36:32:36:72":9,"f:38:25:38:26":7,"s:38:33:38:Infinity":10,"f:38:37:38:38":8,"s:38:49:38:101":11,"f:38:79:38:80":9,"s:38:86:38:97":12,"f:42:24:42:25":10,"s:42:36:42:Infinity":13}}}
,"D:\\DESENVOLVIMENTO\\MEUS PROJETOS\\FIT-TRACKER\\sistema\\stores\\useWorkoutStore.ts": {"path":"D:\\DESENVOLVIMENTO\\MEUS PROJETOS\\FIT-TRACKER\\sistema\\stores\\useWorkoutStore.ts","statementMap":{"0":{"start":{"line":36,"column":13},"end":{"line":112,"column":null}},"1":{"start":{"line":38,"column":24},"end":{"line":102,"column":10}},"2":{"start":{"line":48,"column":40},"end":{"line":50,"column":null}},"3":{"start":{"line":49,"column":16},"end":{"line":49,"column":null}},"4":{"start":{"line":52,"column":42},"end":{"line":55,"column":null}},"5":{"start":{"line":53,"column":16},"end":{"line":53,"column":null}},"6":{"start":{"line":54,"column":16},"end":{"line":54,"column":null}},"7":{"start":{"line":57,"column":26},"end":{"line":68,"column":null}},"8":{"start":{"line":58,"column":32},"end":{"line":58,"column":null}},"9":{"start":{"line":59,"column":30},"end":{"line":59,"column":null}},"10":{"start":{"line":60,"column":16},"end":{"line":67,"column":null}},"11":{"start":{"line":70,"column":31},"end":{"line":72,"column":null}},"12":{"start":{"line":71,"column":16},"end":{"line":71,"column":null}},"13":{"start":{"line":71,"column":54},"end":{"line":71,"column":65}},"14":{"start":{"line":74,"column":45},"end":{"line":88,"column":null}},"15":{"start":{"line":75,"column":33},"end":{"line":75,"column":null}},"16":{"start":{"line":75,"column":61},"end":{"line":75,"column":72}},"17":{"start":{"line":76,"column":16},"end":{"line":87,"column":null}},"18":{"start":{"line":78,"column":44},"end":{"line":80,"column":null}},"19":{"start":{"line":82,"column":20},"end":{"line":82,"column":null}},"20":{"start":{"line":83,"column":20},"end":{"line":86,"column":null}},"21":{"start":{"line":84,"column":24},"end":{"line":84,"column":null}},"22":{"start":{"line":85,"column":24},"end":{"line":85,"column":null}},"23":{"start":{"line":90,"column":37},"end":{"line":90,"column":null}},"24":{"start":{"line":90,"column":54},"end":{"line":90,"column":81}},"25":{"start":{"line":92,"column":28},"end":{"line":101,"column":null}},"26":{"start":{"line":93,"column":16},"end":{"line":93,"column":null}},"27":{"start":{"line":94,"column":16},"end":{"line":94,"column":null}},"28":{"start":{"line":95,"column":16},"end":{"line":99,"column":null}},"29":{"start":{"line":100,"column":16},"end":{"line":100,"column":null}},"30":{"start":{"line":105,"column":36},"end":{"line":109,"column":null}}},"fnMap":{"0":{"name":"(anonymous_0)","decl":{"start":{"line":38,"column":14},"end":{"line":38,"column":15}},"loc":{"start":{"line":38,"column":24},"end":{"line":102,"column":10}},"line":38},"1":{"name":"(anonymous_1)","decl":{"start":{"line":48,"column":30},"end":{"line":48,"column":31}},"loc":{"start":{"line":48,"column":40},"end":{"line":50,"column":null}},"line":48},"2":{"name":"(anonymous_2)","decl":{"start":{"line":48,"column":44},"end":{"line":48,"column":45}},"loc":{"start":{"line":48,"column":55},"end":{"line":50,"column":13}},"line":48},"3":{"name":"(anonymous_3)","decl":{"start":{"line":52,"column":28},"end":{"line":52,"column":29}},"loc":{"start":{"line":52,"column":42},"end":{"line":55,"column":null}},"line":52},"4":{"name":"(anonymous_4)","decl":{"start":{"line":52,"column":46},"end":{"line":52,"column":47}},"loc":{"start":{"line":52,"column":57},"end":{"line":55,"column":13}},"line":52},"5":{"name":"(anonymous_5)","decl":{"start":{"line":57,"column":20},"end":{"line":57,"column":26}},"loc":{"start":{"line":57,"column":26},"end":{"line":68,"column":null}},"line":57},"6":{"name":"(anonymous_6)","decl":{"start":{"line":57,"column":30},"end":{"line":57,"column":31}},"loc":{"start":{"line":57,"column":41},"end":{"line":68,"column":13}},"line":57},"7":{"name":"(anonymous_7)","decl":{"start":{"line":70,"column":23},"end":{"line":70,"column":24}},"loc":{"start":{"line":70,"column":31},"end":{"line":72,"column":null}},"line":70},"8":{"name":"(anonymous_8)","decl":{"start":{"line":70,"column":35},"end":{"line":70,"column":36}},"loc":{"start":{"line":70,"column":46},"end":{"line":72,"column":13}},"line":70},"9":{"name":"(anonymous_9)","decl":{"start":{"line":71,"column":47},"end":{"line":71,"column":48}},"loc":{"start":{"line":71,"column":54},"end":{"line":71,"column":65}},"line":71},"10":{"name":"(anonymous_10)","decl":{"start":{"line":74,"column":23},"end":{"line":74,"column":24}},"loc":{"start":{"line":74,"column":45},"end":{"line":88,"column":null}},"line":74},"11":{"name":"(anonymous_11)","decl":{"start":{"line":74,"column":49},"end":{"line":74,"column":50}},"loc":{"start":{"line":74,"column":60},"end":{"line":88,"column":13}},"line":74},"12":{"name":"(anonymous_12)","decl":{"start":{"line":75,"column":54},"end":{"line":75,"column":55}},"loc":{"start":{"line":75,"column":61},"end":{"line":75,"column":72}},"line":75},"13":{"name":"(anonymous_13)","decl":{"start":{"line":90,"column":24},"end":{"line":90,"column":25}},"loc":{"start":{"line":90,"column":37},"end":{"line":90,"column":null}},"line":90},"14":{"name":"(anonymous_14)","decl":{"start":{"line":90,"column":41},"end":{"line":90,"column":42}},"loc":{"start":{"line":90,"column":52},"end":{"line":90,"column":82}},"line":90},"15":{"name":"(anonymous_15)","decl":{"start":{"line":92,"column":22},"end":{"line":92,"column":28}},"loc":{"start":{"line":92,"column":28},"end":{"line":101,"column":null}},"line":92},"16":{"name":"(anonymous_16)","decl":{"start":{"line":92,"column":32},"end":{"line":92,"column":33}},"loc":{"start":{"line":92,"column":43},"end":{"line":101,"column":13}},"line":92},"17":{"name":"(anonymous_17)","decl":{"start":{"line":105,"column":24},"end":{"line":105,"column":25}},"loc":{"start":{"line":105,"column":36},"end":{"line":109,"column":null}},"line":105}},"branchMap":{"0":{"loc":{"start":{"line":59,"column":30},"end":{"line":59,"column":null}},"type":"cond-expr","locations":[{"start":{"line":59,"column":55},"end":{"line":59,"column":99}},{"start":{"line":59,"column":99},"end":{"line":59,"column":null}}],"line":59},"1":{"loc":{"start":{"line":62,"column":28},"end":{"line":62,"column":null}},"type":"cond-expr","locations":[{"start":{"line":62,"column":38},"end":{"line":62,"column":55}},{"start":{"line":62,"column":55},"end":{"line":62,"column":null}}],"line":62},"2":{"loc":{"start":{"line":63,"column":26},"end":{"line":63,"column":null}},"type":"cond-expr","locations":[{"start":{"line":63,"column":36},"end":{"line":63,"column":51}},{"start":{"line":63,"column":51},"end":{"line":63,"column":null}}],"line":63},"3":{"loc":{"start":{"line":76,"column":16},"end":{"line":87,"column":null}},"type":"if","locations":[{"start":{"line":76,"column":16},"end":{"line":87,"column":null}},{"start":{},"end":{}}],"line":76},"4":{"loc":{"start":{"line":78,"column":44},"end":{"line":80,"column":null}},"type":"cond-expr","locations":[{"start":{"line":78,"column":82},"end":{"line":79,"column":null}},{"start":{"line":80,"column":26},"end":{"line":80,"column":null}}],"line":78},"5":{"loc":{"start":{"line":78,"column":44},"end":{"line":78,"column":null}},"type":"binary-expr","locations":[{"start":{"line":78,"column":44},"end":{"line":78,"column":65}},{"start":{"line":78,"column":65},"end":{"line":78,"column":null}}],"line":78},"6":{"loc":{"start":{"line":83,"column":20},"end":{"line":86,"column":null}},"type":"if","locations":[{"start":{"line":83,"column":20},"end":{"line":86,"column":null}},{"start":{},"end":{}}],"line":83},"7":{"loc":{"start":{"line":83,"column":24},"end":{"line":83,"column":65}},"type":"binary-expr","locations":[{"start":{"line":83,"column":24},"end":{"line":83,"column":49}},{"start":{"line":83,"column":49},"end":{"line":83,"column":65}}],"line":83}},"s":{"0":1,"1":1,"2":2,"3":2,"4":1,"5":1,"6":1,"7":1,"8":1,"9":1,"10":1,"11":1,"12":1,"13":3,"14":4,"15":4,"16":8,"17":4,"18":4,"19":4,"20":4,"21":2,"22":2,"23":0,"24":0,"25":8,"26":8,"27":8,"28":8,"29":8,"30":17},"f":{"0":1,"1":2,"2":2,"3":1,"4":1,"5":1,"6":1,"7":1,"8":1,"9":3,"10":4,"11":4,"12":8,"13":0,"14":0,"15":8,"16":8,"17":17},"b":{"0":[1,0],"1":[1,0],"2":[1,0],"3":[4,0],"4":[0,4],"5":[4,0],"6":[2,2],"7":[4,2]},"meta":{"lastBranch":8,"lastFunction":18,"lastStatement":31,"seen":{"s:36:13:112:Infinity":0,"f:38:14:38:15":0,"s:38:24:102:10":1,"f:48:30:48:31":1,"s:48:40:50:Infinity":2,"f:48:44:48:45":2,"s:49:16:49:Infinity":3,"f:52:28:52:29":3,"s:52:42:55:Infinity":4,"f:52:46:52:47":4,"s:53:16:53:Infinity":5,"s:54:16:54:Infinity":6,"f:57:20:57:26":5,"s:57:26:68:Infinity":7,"f:57:30:57:31":6,"s:58:32:58:Infinity":8,"s:59:30:59:Infinity":9,"b:59:55:59:99:59:99:59:Infinity":0,"s:60:16:67:Infinity":10,"b:62:38:62:55:62:55:62:Infinity":1,"b:63:36:63:51:63:51:63:Infinity":2,"f:70:23:70:24":7,"s:70:31:72:Infinity":11,"f:70:35:70:36":8,"s:71:16:71:Infinity":12,"f:71:47:71:48":9,"s:71:54:71:65":13,"f:74:23:74:24":10,"s:74:45:88:Infinity":14,"f:74:49:74:50":11,"s:75:33:75:Infinity":15,"f:75:54:75:55":12,"s:75:61:75:72":16,"b:76:16:87:Infinity:undefined:undefined:undefined:undefined":3,"s:76:16:87:Infinity":17,"s:78:44:80:Infinity":18,"b:78:82:79:Infinity:80:26:80:Infinity":4,"b:78:44:78:65:78:65:78:Infinity":5,"s:82:20:82:Infinity":19,"b:83:20:86:Infinity:undefined:undefined:undefined:undefined":6,"s:83:20:86:Infinity":20,"b:83:24:83:49:83:49:83:65":7,"s:84:24:84:Infinity":21,"s:85:24:85:Infinity":22,"f:90:24:90:25":13,"s:90:37:90:Infinity":23,"f:90:41:90:42":14,"s:90:54:90:81":24,"f:92:22:92:28":15,"s:92:28:101:Infinity":25,"f:92:32:92:33":16,"s:93:16:93:Infinity":26,"s:94:16:94:Infinity":27,"s:95:16:99:Infinity":28,"s:100:16:100:Infinity":29,"f:105:24:105:25":17,"s:105:36:109:Infinity":30}}}
}
