TN:
SF:lib\security.ts
FN:7,(anonymous_0)
FN:35,(anonymous_1)
FN:48,(anonymous_2)
FN:78,(anonymous_3)
FN:81,(anonymous_4)
FN:93,(anonymous_5)
FN:99,(anonymous_6)
FN:104,(anonymous_7)
FN:122,(anonymous_8)
FN:137,(anonymous_9)
FNF:10
FNH:6
FNDA:3,(anonymous_0)
FNDA:0,(anonymous_1)
FNDA:0,(anonymous_2)
FNDA:1,(anonymous_3)
FNDA:5,(anonymous_4)
FNDA:0,(anonymous_5)
FNDA:5,(anonymous_6)
FNDA:12,(anonymous_7)
FNDA:34,(anonymous_8)
FNDA:0,(anonymous_9)
DA:7,1
DA:8,3
DA:10,2
DA:18,1
DA:25,1
DA:32,1
DA:35,0
DA:38,1
DA:43,1
DA:48,0
DA:53,1
DA:58,1
DA:62,1
DA:65,1
DA:79,1
DA:82,5
DA:83,5
DA:85,5
DA:86,3
DA:89,2
DA:90,2
DA:94,0
DA:98,1
DA:99,5
DA:104,1
DA:105,12
DA:107,10
DA:108,4
DA:113,6
DA:114,1
DA:117,5
DA:118,3
DA:119,3
DA:121,3
DA:122,34
DA:123,4
DA:125,2
DA:128,3
DA:131,2
DA:137,1
DA:139,0
DA:143,1
LF:42
LH:38
BRDA:8,0,0,1
BRDA:8,0,1,2
BRDA:8,1,0,3
BRDA:8,1,1,2
BRDA:81,2,0,5
BRDA:83,3,0,5
BRDA:83,3,1,1
BRDA:85,4,0,3
BRDA:85,4,1,2
BRDA:105,5,0,2
BRDA:105,5,1,10
BRDA:107,6,0,4
BRDA:107,6,1,6
BRDA:113,7,0,1
BRDA:113,7,1,5
BRDA:117,8,0,3
BRDA:117,8,1,2
BRDA:117,9,0,5
BRDA:117,9,1,5
BRDA:122,10,0,4
BRDA:122,10,1,2
BRF:21
BRH:21
end_of_record
