TN:
SF:types.ts
FN:134,(anonymous_0)
FNF:1
FNH:1
FNDA:3,(anonymous_0)
DA:134,3
DA:135,3
DA:136,3
DA:137,3
LF:4
LH:4
BRDA:134,0,0,3
BRDA:134,0,1,3
BRF:2
BRH:2
end_of_record
TN:
SF:components\GlobalErrorBoundary.tsx
FN:13,(anonymous_0)
FN:19,(anonymous_1)
FN:23,(anonymous_2)
FN:28,(anonymous_3)
FN:47,(anonymous_4)
FNF:5
FNH:5
FNDA:6,(anonymous_0)
FNDA:1,(anonymous_1)
FNDA:2,(anonymous_2)
FNDA:9,(anonymous_3)
FNDA:1,(anonymous_4)
DA:13,6
DA:14,6
DA:20,4
DA:24,2
DA:25,2
DA:29,9
DA:30,4
DA:47,1
DA:58,5
LF:9
LH:9
BRDA:29,0,0,4
BRDA:29,0,1,5
BRF:2
BRH:2
end_of_record
TN:
SF:components\Layout.tsx
FN:10,(anonymous_0)
FN:15,(anonymous_1)
FN:27,(anonymous_2)
FN:31,(anonymous_3)
FN:33,(anonymous_4)
FN:41,(anonymous_5)
FN:58,(anonymous_6)
FN:66,(anonymous_7)
FN:81,(anonymous_8)
FNF:9
FNH:3
FNDA:4,(anonymous_0)
FNDA:1,(anonymous_1)
FNDA:0,(anonymous_2)
FNDA:0,(anonymous_3)
FNDA:0,(anonymous_4)
FNDA:0,(anonymous_5)
FNDA:0,(anonymous_6)
FNDA:1,(anonymous_7)
FNDA:0,(anonymous_8)
DA:10,1
DA:11,4
DA:12,4
DA:13,4
DA:15,4
DA:16,1
DA:19,4
DA:27,0
DA:31,0
DA:33,0
DA:41,0
DA:58,0
DA:66,1
DA:81,0
LF:14
LH:8
BRDA:16,0,0,1
BRDA:16,0,1,0
BRDA:26,1,0,1
BRDA:26,1,1,3
BRDA:30,2,0,1
BRDA:30,2,1,3
BRDA:54,3,0,4
BRDA:54,3,1,0
BRF:8
BRH:6
end_of_record
TN:
SF:components\ProtectedRoute.tsx
FN:5,(anonymous_0)
FNF:1
FNH:1
FNDA:3,(anonymous_0)
DA:5,1
DA:6,3
DA:7,3
DA:9,3
DA:10,1
DA:17,2
DA:19,1
DA:22,1
LF:8
LH:8
BRDA:9,0,0,1
BRDA:9,0,1,2
BRDA:17,1,0,1
BRDA:17,1,1,1
BRF:4
BRH:4
end_of_record
TN:
SF:components\Sidebar.tsx
FN:12,(anonymous_0)
FN:17,(anonymous_1)
FN:57,(anonymous_2)
FN:76,(anonymous_3)
FN:82,(anonymous_4)
FN:100,(anonymous_5)
FN:106,(anonymous_6)
FN:128,(anonymous_7)
FN:147,(anonymous_8)
FNF:9
FNH:8
FNDA:3,(anonymous_0)
FNDA:1,(anonymous_1)
FNDA:1,(anonymous_2)
FNDA:18,(anonymous_3)
FNDA:18,(anonymous_4)
FNDA:9,(anonymous_5)
FNDA:9,(anonymous_6)
FNDA:0,(anonymous_7)
FNDA:1,(anonymous_8)
DA:12,1
DA:13,3
DA:14,3
DA:17,3
DA:18,1
DA:19,1
DA:22,3
DA:31,3
DA:37,3
DA:58,1
DA:59,1
DA:77,18
DA:82,18
DA:101,9
DA:106,9
DA:129,0
DA:130,0
DA:148,1
DA:149,1
LF:19
LH:17
BRDA:12,0,0,3
BRDA:19,1,0,0
BRDA:19,1,1,1
BRDA:59,2,0,0
BRDA:59,2,1,1
BRDA:84,3,0,3
BRDA:84,3,1,15
BRDA:89,4,0,3
BRDA:89,4,1,15
BRDA:108,5,0,0
BRDA:108,5,1,9
BRDA:115,6,0,9
BRDA:115,6,1,3
BRDA:130,7,0,0
BRDA:130,7,1,0
BRDA:135,8,0,3
BRDA:135,8,1,3
BRDA:136,9,0,3
BRDA:136,9,1,0
BRDA:141,10,0,3
BRDA:141,10,1,0
BRF:21
BRH:14
end_of_record
TN:
SF:components\ui\Button.tsx
FN:12,(anonymous_0)
FNF:1
FNH:1
FNDA:39,(anonymous_0)
DA:12,5
DA:24,39
DA:26,39
DA:34,39
DA:41,39
DA:43,39
LF:6
LH:6
BRDA:14,0,0,39
BRDA:15,1,0,39
BRDA:16,2,0,39
BRDA:17,3,0,39
BRDA:18,4,0,39
BRDA:41,5,0,3
BRDA:41,5,1,36
BRDA:52,6,0,39
BRDA:52,6,1,38
BRDA:55,7,0,2
BRDA:55,7,1,37
BRDA:57,8,0,12
BRDA:57,8,1,25
BRDA:63,9,0,39
BRDA:63,9,1,0
BRDA:63,9,2,0
BRF:16
BRH:14
end_of_record
TN:
SF:components\ui\Card.tsx
FN:8,(anonymous_0)
FN:33,(anonymous_1)
FN:39,(anonymous_2)
FN:45,(anonymous_3)
FNF:4
FNH:4
FNDA:44,(anonymous_0)
FNDA:1,(anonymous_1)
FNDA:1,(anonymous_2)
FNDA:1,(anonymous_3)
DA:8,3
DA:15,44
DA:21,44
DA:33,3
DA:34,1
DA:39,3
DA:40,1
DA:45,3
DA:46,1
LF:9
LH:9
BRDA:10,0,0,44
BRDA:11,1,0,44
BRDA:12,2,0,44
BRDA:26,3,0,11
BRDA:26,3,1,33
BRDA:33,4,0,1
BRDA:39,5,0,1
BRDA:45,6,0,1
BRF:8
BRH:8
end_of_record
TN:
SF:components\ui\Input.tsx
FN:11,(anonymous_0)
FNF:1
FNH:1
FNDA:11,(anonymous_0)
DA:11,2
DA:20,11
DA:70,2
LF:3
LH:3
BRDA:16,0,0,11
BRDA:17,1,0,11
BRDA:22,2,0,11
BRDA:22,2,1,7
BRDA:29,3,0,11
BRDA:29,3,1,7
BRDA:45,4,0,7
BRDA:45,4,1,4
BRDA:46,5,0,1
BRDA:46,5,1,10
BRDA:47,6,0,1
BRDA:47,6,1,10
BRDA:48,7,0,1
BRDA:48,7,1,10
BRDA:54,8,0,11
BRDA:54,8,1,1
BRDA:61,9,0,11
BRDA:61,9,1,1
BRF:18
BRH:18
end_of_record
TN:
SF:components\ui\OptimizedImage.tsx
FN:10,(anonymous_0)
FN:40,(anonymous_1)
FN:41,(anonymous_2)
FNF:3
FNH:3
FNDA:15,(anonymous_0)
FNDA:1,(anonymous_1)
FNDA:1,(anonymous_2)
DA:10,3
DA:17,15
DA:18,15
DA:20,15
DA:40,1
DA:42,1
DA:43,1
LF:7
LH:7
BRDA:13,0,0,15
BRDA:14,1,0,15
BRDA:23,2,0,15
BRDA:23,2,1,13
BRDA:23,2,2,13
BRDA:28,3,0,15
BRDA:28,3,1,1
BRDA:45,4,0,2
BRDA:45,4,1,13
BRF:9
BRH:9
end_of_record
TN:
SF:components\ui\Skeleton.tsx
FN:6,(anonymous_0)
FNF:1
FNH:1
FNDA:12,(anonymous_0)
DA:6,1
DA:7,12
LF:2
LH:2
BRF:0
BRH:0
end_of_record
TN:
SF:components\ui\Toast.tsx
FN:15,(anonymous_0)
FN:21,(anonymous_1)
FN:26,(anonymous_2)
FN:28,(anonymous_3)
FN:33,(anonymous_4)
FN:35,(anonymous_5)
FN:46,(anonymous_6)
FN:101,(anonymous_7)
FN:109,(anonymous_8)
FN:118,(anonymous_9)
FNF:10
FNH:8
FNDA:0,(anonymous_0)
FNDA:11,(anonymous_1)
FNDA:5,(anonymous_2)
FNDA:5,(anonymous_3)
FNDA:6,(anonymous_4)
FNDA:1600,(anonymous_5)
FNDA:6,(anonymous_6)
FNDA:3,(anonymous_7)
FNDA:6,(anonymous_8)
FNDA:0,(anonymous_9)
DA:15,1
DA:16,0
DA:17,0
DA:21,1
DA:22,11
DA:23,11
DA:24,11
DA:26,11
DA:27,5
DA:28,5
DA:29,5
DA:33,11
DA:34,6
DA:35,6
DA:36,1600
DA:37,1600
DA:38,1600
DA:40,1600
DA:41,4
DA:42,4
DA:46,6
DA:49,11
DA:56,11
DA:58,11
DA:101,1
DA:102,3
DA:104,3
DA:106,3
DA:110,6
DA:118,1
DA:119,0
LF:31
LH:28
BRDA:24,0,0,11
BRDA:24,0,1,0
BRDA:40,1,0,4
BRDA:40,1,1,1596
BRDA:61,2,0,6
BRDA:61,2,1,5
BRDA:62,3,0,5
BRDA:62,3,1,0
BRDA:64,4,0,5
BRDA:64,4,1,6
BRDA:76,5,0,11
BRDA:76,5,1,6
BRDA:104,6,0,0
BRDA:104,6,1,3
BRF:14
BRH:11
end_of_record
TN:
SF:components\workout\ExerciseSuggestions.tsx
FN:11,(anonymous_0)
FN:16,(anonymous_1)
FN:20,(anonymous_2)
FNF:3
FNH:3
FNDA:6,(anonymous_0)
FNDA:10,(anonymous_1)
FNDA:1,(anonymous_2)
DA:11,2
DA:12,6
DA:14,5
DA:17,10
DA:20,1
LF:5
LH:5
BRDA:12,0,0,1
BRDA:12,0,1,5
BRDA:19,1,0,2
BRDA:19,1,1,8
BRDA:23,2,0,10
BRDA:23,2,1,10
BRF:6
BRH:6
end_of_record
TN:
SF:components\workout\RestTimer.tsx
FN:9,(anonymous_0)
FN:20,(anonymous_1)
FN:26,(anonymous_2)
FN:30,(anonymous_3)
FN:33,(anonymous_4)
FN:58,(anonymous_5)
FN:65,(anonymous_6)
FN:72,(anonymous_7)
FNF:8
FNH:6
FNDA:4,(anonymous_0)
FNDA:4,(anonymous_1)
FNDA:0,(anonymous_2)
FNDA:3,(anonymous_3)
FNDA:3,(anonymous_4)
FNDA:1,(anonymous_5)
FNDA:1,(anonymous_6)
FNDA:0,(anonymous_7)
DA:9,1
DA:18,4
DA:20,4
DA:21,4
DA:22,1
DA:23,1
DA:26,3
DA:27,0
DA:30,3
DA:33,4
DA:34,3
DA:35,3
DA:36,3
DA:39,4
DA:41,3
DA:58,1
DA:65,1
DA:72,0
LF:18
LH:16
BRDA:21,0,0,1
BRDA:21,0,1,3
BRDA:39,1,0,1
BRDA:39,1,1,3
BRF:4
BRH:4
end_of_record
TN:
SF:components\workout\WorkoutSetItem.tsx
FN:11,(anonymous_0)
FN:27,(anonymous_1)
FN:38,(anonymous_2)
FN:45,(anonymous_3)
FN:57,(anonymous_4)
FN:69,(anonymous_5)
FN:81,(anonymous_6)
FN:89,(anonymous_7)
FNF:8
FNH:6
FNDA:10,(anonymous_0)
FNDA:1,(anonymous_1)
FNDA:1,(anonymous_2)
FNDA:0,(anonymous_3)
FNDA:1,(anonymous_4)
FNDA:1,(anonymous_5)
FNDA:0,(anonymous_6)
FNDA:4,(anonymous_7)
DA:11,2
DA:12,10
DA:27,1
DA:38,1
DA:45,0
DA:57,1
DA:69,1
DA:81,0
DA:91,4
LF:9
LH:7
BRDA:14,0,0,0
BRDA:14,0,1,10
BRDA:16,1,0,0
BRDA:16,1,1,10
BRDA:24,2,0,10
BRDA:24,2,1,0
BRDA:27,3,0,1
BRDA:27,3,1,0
BRDA:28,4,0,0
BRDA:28,4,1,10
BRDA:35,5,0,10
BRDA:35,5,1,0
BRDA:38,6,0,1
BRDA:38,6,1,0
BRDA:39,7,0,0
BRDA:39,7,1,10
BRDA:46,8,0,5
BRDA:46,8,1,5
BRDA:47,9,0,5
BRDA:47,9,1,5
BRDA:47,10,0,10
BRDA:47,10,1,9
BRDA:52,11,0,5
BRDA:52,11,1,5
BRDA:53,12,0,5
BRDA:53,12,1,5
BRDA:58,13,0,0
BRDA:58,13,1,10
BRDA:59,14,0,0
BRDA:59,14,1,10
BRDA:65,15,0,0
BRDA:65,15,1,10
BRDA:77,16,0,10
BRDA:77,16,1,1
BRDA:80,17,0,1
BRDA:80,17,1,0
BRDA:92,18,0,4
BRDA:92,18,1,4
BRDA:92,18,2,4
BRDA:92,18,3,4
BRDA:92,18,4,4
BRDA:92,18,5,4
BRDA:92,18,6,4
BRF:43
BRH:31
end_of_record
TN:
SF:hooks\useWorkoutLogger.ts
FN:5,(anonymous_0)
FN:13,(anonymous_1)
FN:14,(anonymous_2)
FN:15,(anonymous_3)
FN:16,(anonymous_4)
FN:17,(anonymous_5)
FN:18,(anonymous_6)
FN:19,(anonymous_7)
FN:20,(anonymous_8)
FN:21,(anonymous_9)
FN:26,(anonymous_10)
FN:32,(anonymous_11)
FNF:12
FNH:12
FNDA:4,(anonymous_0)
FNDA:4,(anonymous_1)
FNDA:4,(anonymous_2)
FNDA:4,(anonymous_3)
FNDA:4,(anonymous_4)
FNDA:4,(anonymous_5)
FNDA:4,(anonymous_6)
FNDA:4,(anonymous_7)
FNDA:4,(anonymous_8)
FNDA:4,(anonymous_9)
FNDA:1,(anonymous_10)
FNDA:1,(anonymous_11)
DA:5,1
DA:11,4
DA:13,4
DA:14,4
DA:15,4
DA:16,4
DA:17,4
DA:18,4
DA:19,4
DA:20,4
DA:21,4
DA:23,4
DA:24,4
DA:26,4
DA:27,1
DA:28,1
DA:29,1
DA:32,4
DA:33,1
DA:34,1
DA:36,0
DA:38,1
DA:39,1
DA:40,1
DA:43,4
LF:25
LH:24
BRDA:33,0,0,1
BRDA:33,0,1,0
BRF:2
BRH:1
end_of_record
TN:
SF:lib\logrocket.ts
FN:6,(anonymous_0)
FN:18,(anonymous_1)
FN:27,(anonymous_2)
FNF:3
FNH:3
FNDA:1,(anonymous_0)
FNDA:1,(anonymous_1)
FNDA:1,(anonymous_2)
DA:4,2
DA:6,2
DA:7,1
DA:8,0
DA:9,0
DA:12,1
DA:18,2
DA:19,1
DA:20,1
DA:27,2
DA:28,1
DA:29,1
LF:12
LH:10
BRDA:7,0,0,0
BRDA:7,0,1,1
BRDA:19,1,0,1
BRDA:19,1,1,0
BRDA:19,2,0,1
BRDA:19,2,1,1
BRDA:28,3,0,1
BRDA:28,3,1,0
BRF:8
BRH:5
end_of_record
TN:
SF:lib\security.ts
FN:7,(anonymous_0)
FN:25,(anonymous_1)
FN:52,(anonymous_2)
FN:68,(anonymous_3)
FN:81,(anonymous_4)
FNF:5
FNH:4
FNDA:7,(anonymous_0)
FNDA:0,(anonymous_1)
FNDA:5,(anonymous_2)
FNDA:12,(anonymous_3)
FNDA:44,(anonymous_4)
DA:7,2
DA:8,7
DA:9,6
DA:17,2
DA:22,2
DA:25,0
DA:31,2
DA:37,2
DA:50,2
DA:52,2
DA:53,5
DA:54,5
DA:56,5
DA:57,3
DA:60,2
DA:61,2
DA:68,2
DA:69,12
DA:71,4
DA:76,8
DA:77,4
DA:78,4
DA:80,4
DA:81,44
DA:82,4
DA:84,4
DA:87,4
DA:90,4
LF:28
LH:27
BRDA:8,0,0,1
BRDA:8,0,1,6
BRDA:52,1,0,5
BRDA:54,2,0,5
BRDA:54,2,1,1
BRDA:56,3,0,3
BRDA:56,3,1,2
BRDA:69,4,0,4
BRDA:69,4,1,8
BRDA:76,5,0,4
BRDA:76,5,1,4
BRDA:76,6,0,8
BRDA:76,6,1,6
BRDA:77,7,0,1
BRDA:77,7,1,3
BRDA:81,8,0,4
BRDA:81,8,1,4
BRF:17
BRH:17
end_of_record
TN:
SF:pages\Dashboard.tsx
FN:13,(anonymous_0)
FN:15,(anonymous_1)
FN:23,(anonymous_2)
FN:30,(anonymous_3)
FN:37,(anonymous_4)
FN:49,(anonymous_5)
FN:64,(anonymous_6)
FN:71,(anonymous_7)
FN:104,(anonymous_8)
FN:197,(anonymous_9)
FN:227,(anonymous_10)
FN:251,(anonymous_11)
FN:263,(anonymous_12)
FN:266,(anonymous_13)
FNF:14
FNH:9
FNDA:1,(anonymous_0)
FNDA:3,(anonymous_1)
FNDA:1,(anonymous_2)
FNDA:1,(anonymous_3)
FNDA:1,(anonymous_4)
FNDA:2,(anonymous_5)
FNDA:2,(anonymous_6)
FNDA:0,(anonymous_7)
FNDA:0,(anonymous_8)
FNDA:0,(anonymous_9)
FNDA:2,(anonymous_10)
FNDA:0,(anonymous_11)
FNDA:2,(anonymous_12)
FNDA:0,(anonymous_13)
DA:13,1
DA:15,1
DA:16,3
DA:17,3
DA:18,3
DA:21,3
DA:23,1
DA:28,3
DA:30,1
DA:35,3
DA:37,1
DA:43,3
DA:49,3
DA:64,3
DA:69,3
DA:71,3
DA:72,0
DA:75,3
DA:104,0
DA:197,0
DA:228,2
DA:251,0
DA:264,2
DA:266,0
LF:24
LH:19
BRDA:44,0,0,3
BRDA:44,0,1,1
BRDA:45,1,0,3
BRDA:45,1,1,1
BRDA:46,2,0,3
BRDA:46,2,1,1
BRDA:49,3,0,3
BRDA:49,3,1,1
BRDA:51,4,0,2
BRDA:51,4,1,0
BRDA:57,5,0,2
BRDA:57,5,1,0
BRDA:58,6,0,2
BRDA:58,6,1,0
BRDA:60,7,0,2
BRDA:60,7,1,0
BRDA:61,8,0,2
BRDA:61,8,1,0
BRDA:64,9,0,3
BRDA:64,9,1,1
BRDA:69,10,0,3
BRDA:69,10,1,2
BRDA:69,10,2,2
BRDA:72,11,0,0
BRDA:72,11,1,0
BRDA:81,12,0,3
BRDA:81,12,1,0
BRDA:84,13,0,1
BRDA:84,13,1,2
BRDA:86,14,0,2
BRDA:86,14,1,0
BRDA:97,15,0,3
BRDA:97,15,1,0
BRDA:100,16,0,3
BRDA:100,16,1,0
BRDA:131,17,0,1
BRDA:131,17,1,2
BRDA:135,18,0,2
BRDA:135,18,1,0
BRDA:150,19,0,1
BRDA:150,19,1,2
BRDA:166,20,0,1
BRDA:166,20,1,2
BRDA:170,21,0,2
BRDA:170,21,1,0
BRDA:183,22,0,2
BRDA:183,22,1,1
BRDA:220,23,0,1
BRDA:220,23,1,2
BRDA:226,24,0,2
BRDA:226,24,1,0
BRDA:228,25,0,0
BRDA:228,25,1,2
BRDA:256,26,0,1
BRDA:256,26,1,2
BRDA:262,27,0,2
BRDA:262,27,1,0
BRDA:270,28,0,0
BRDA:270,28,1,2
BRDA:271,29,0,2
BRDA:271,29,1,0
BRF:61
BRH:43
end_of_record
TN:
SF:pages\LogWorkout.tsx
FN:14,(anonymous_0)
FN:41,(anonymous_1)
FN:42,(anonymous_2)
FN:49,(anonymous_3)
FN:54,(anonymous_4)
FN:111,(anonymous_5)
FN:121,(anonymous_6)
FN:122,(anonymous_7)
FN:126,(anonymous_8)
FN:129,(anonymous_9)
FN:139,(anonymous_10)
FN:162,(anonymous_11)
FN:201,(anonymous_12)
FN:232,(anonymous_13)
FN:250,(anonymous_14)
FN:250,(anonymous_15)
FN:260,(anonymous_16)
FN:264,(anonymous_17)
FN:265,(anonymous_18)
FN:299,(anonymous_19)
FN:302,(anonymous_20)
FN:306,(anonymous_21)
FN:334,(anonymous_22)
FNF:23
FNH:13
FNDA:9,(anonymous_0)
FNDA:5,(anonymous_1)
FNDA:0,(anonymous_2)
FNDA:5,(anonymous_3)
FNDA:1,(anonymous_4)
FNDA:2,(anonymous_5)
FNDA:0,(anonymous_6)
FNDA:4,(anonymous_7)
FNDA:0,(anonymous_8)
FNDA:0,(anonymous_9)
FNDA:0,(anonymous_10)
FNDA:0,(anonymous_11)
FNDA:9,(anonymous_12)
FNDA:1,(anonymous_13)
FNDA:0,(anonymous_14)
FNDA:1,(anonymous_15)
FNDA:10,(anonymous_16)
FNDA:5,(anonymous_17)
FNDA:5,(anonymous_18)
FNDA:0,(anonymous_19)
FNDA:0,(anonymous_20)
FNDA:0,(anonymous_21)
FNDA:1,(anonymous_22)
DA:14,1
DA:15,9
DA:16,9
DA:17,9
DA:18,9
DA:20,9
DA:21,9
DA:38,9
DA:41,9
DA:42,5
DA:43,0
DA:44,0
DA:48,5
DA:49,5
DA:50,5
DA:54,9
DA:55,1
DA:56,1
DA:57,0
DA:63,0
DA:66,1
DA:67,1
DA:68,1
DA:70,1
DA:76,1
DA:78,0
DA:85,1
DA:89,9
DA:111,2
DA:121,0
DA:123,4
DA:124,4
DA:125,1
DA:126,1
DA:127,3
DA:128,1
DA:129,1
DA:130,2
DA:131,1
DA:132,1
DA:133,1
DA:135,1
DA:136,1
DA:140,0
DA:162,0
DA:202,9
DA:232,1
DA:250,0
DA:251,1
DA:252,1
DA:260,1
DA:261,10
DA:262,10
DA:264,10
DA:265,5
DA:266,5
DA:267,5
DA:268,5
DA:286,5
DA:288,0
DA:292,5
DA:295,10
DA:299,0
DA:303,0
DA:306,0
DA:334,1
DA:335,1
LF:67
LH:54
BRDA:43,0,0,0
BRDA:43,0,1,0
BRDA:43,1,0,0
BRDA:43,1,1,0
BRDA:55,2,0,0
BRDA:55,2,1,1
BRDA:56,3,0,0
BRDA:56,3,1,1
BRDA:115,4,0,6
BRDA:115,4,1,3
BRDA:123,5,0,0
BRDA:123,5,1,4
BRDA:123,6,0,4
BRDA:123,6,1,4
BRDA:124,7,0,1
BRDA:124,7,1,3
BRDA:126,8,0,0
BRDA:126,8,1,0
BRDA:127,9,0,1
BRDA:127,9,1,2
BRDA:129,10,0,0
BRDA:129,10,1,0
BRDA:130,11,0,1
BRDA:130,11,1,1
BRDA:132,12,0,1
BRDA:132,12,1,0
BRDA:135,13,0,1
BRDA:135,13,1,0
BRDA:140,14,0,0
BRDA:140,14,1,0
BRDA:150,15,0,3
BRDA:150,15,1,3
BRDA:157,16,0,3
BRDA:157,16,1,3
BRDA:173,17,0,9
BRDA:173,17,1,2
BRDA:173,17,2,2
BRDA:226,18,0,9
BRDA:226,18,1,8
BRDA:249,19,0,9
BRDA:249,19,1,1
BRDA:266,20,0,0
BRDA:266,20,1,5
BRDA:302,21,0,0
BRDA:302,21,1,10
BRDA:309,22,0,0
BRDA:309,22,1,0
BRDA:309,22,2,0
BRF:48
BRH:28
end_of_record
TN:
SF:services\databaseService.ts
FN:11,(anonymous_0)
FN:39,(anonymous_1)
FN:65,(anonymous_2)
FN:74,(anonymous_3)
FN:92,(anonymous_4)
FN:116,(anonymous_5)
FNF:6
FNH:3
FNDA:4,(anonymous_0)
FNDA:4,(anonymous_1)
FNDA:2,(anonymous_2)
FNDA:0,(anonymous_3)
FNDA:0,(anonymous_4)
FNDA:0,(anonymous_5)
DA:9,2
DA:11,2
DA:12,4
DA:15,1
DA:21,4
DA:22,0
DA:23,0
DA:25,0
DA:28,1
DA:29,1
DA:32,2
DA:40,4
DA:41,4
DA:43,4
DA:45,4
DA:46,4
DA:47,4
DA:49,0
DA:51,3
DA:53,1
DA:54,1
DA:58,1
DA:66,2
DA:67,2
DA:76,0
DA:85,0
DA:93,0
DA:117,0
LF:28
LH:20
BRDA:12,0,0,3
BRDA:12,0,1,1
BRDA:15,1,0,1
BRDA:15,1,1,0
BRDA:15,1,2,0
BRDA:15,1,3,0
BRDA:15,1,4,0
BRDA:21,2,0,0
BRDA:21,2,1,4
BRDA:22,3,0,0
BRDA:22,3,1,0
BRDA:43,4,0,4
BRDA:43,4,1,0
BRDA:55,5,0,1
BRDA:55,5,1,0
BRDA:67,6,0,2
BRDA:67,6,1,1
BRDA:92,7,0,0
BRDA:92,8,0,0
BRF:19
BRH:8
end_of_record
TN:
SF:services\storageService.ts
FN:6,(anonymous_0)
FN:16,(anonymous_1)
FN:28,(anonymous_2)
FN:42,(anonymous_3)
FN:53,(anonymous_4)
FN:54,(anonymous_5)
FNF:6
FNH:6
FNDA:1,(anonymous_0)
FNDA:4,(anonymous_1)
FNDA:6,(anonymous_2)
FNDA:4,(anonymous_3)
FNDA:1,(anonymous_4)
FNDA:3,(anonymous_5)
DA:6,1
DA:7,1
DA:8,1
DA:9,1
DA:17,4
DA:18,4
DA:19,4
DA:21,0
DA:29,6
DA:30,6
DA:31,6
DA:32,2
DA:34,1
DA:35,1
DA:43,4
DA:44,4
DA:46,0
DA:54,1
DA:55,3
DA:60,1
LF:20
LH:18
BRDA:6,0,0,1
BRDA:6,0,1,1
BRDA:31,1,0,4
BRDA:31,1,1,2
BRF:4
BRH:4
end_of_record
TN:
SF:stores\useAuthStore.ts
FN:19,(anonymous_0)
FN:24,(anonymous_1)
FN:25,(anonymous_2)
FN:26,(anonymous_3)
FN:27,(anonymous_4)
FN:42,(anonymous_5)
FNF:6
FNH:5
FNDA:1,(anonymous_0)
FNDA:2,(anonymous_1)
FNDA:0,(anonymous_2)
FNDA:2,(anonymous_3)
FNDA:1,(anonymous_4)
FNDA:9,(anonymous_5)
DA:17,1
DA:19,1
DA:24,2
DA:25,0
DA:26,2
DA:28,1
DA:29,1
DA:31,0
DA:33,1
DA:35,1
DA:36,1
DA:42,9
LF:12
LH:10
BRF:0
BRH:0
end_of_record
TN:
SF:stores\useExerciseStore.ts
FN:12,(anonymous_0)
FN:14,(anonymous_1)
FN:14,(anonymous_2)
FN:16,(anonymous_3)
FN:19,(anonymous_4)
FNF:5
FNH:5
FNDA:1,(anonymous_0)
FNDA:4,(anonymous_1)
FNDA:4,(anonymous_2)
FNDA:1,(anonymous_3)
FNDA:2,(anonymous_4)
DA:10,1
DA:12,1
DA:14,4
DA:16,1
DA:19,2
LF:5
LH:5
BRDA:15,0,0,1
BRDA:15,0,1,3
BRF:2
BRH:2
end_of_record
TN:
SF:stores\useSettingsStore.ts
FN:15,(anonymous_0)
FN:19,(anonymous_1)
FN:20,(anonymous_2)
FN:20,(anonymous_3)
FN:21,(anonymous_4)
FN:21,(anonymous_5)
FNF:6
FNH:6
FNDA:1,(anonymous_0)
FNDA:1,(anonymous_1)
FNDA:2,(anonymous_2)
FNDA:2,(anonymous_3)
FNDA:1,(anonymous_4)
FNDA:1,(anonymous_5)
DA:13,1
DA:15,1
DA:19,1
DA:20,2
DA:21,1
LF:5
LH:5
BRF:0
BRH:0
end_of_record
TN:
SF:stores\useTimerStore.ts
FN:17,(anonymous_0)
FN:21,(anonymous_1)
FN:22,(anonymous_2)
FN:23,(anonymous_3)
FN:24,(anonymous_4)
FN:24,(anonymous_5)
FN:25,(anonymous_6)
FN:25,(anonymous_7)
FNF:8
FNH:7
FNDA:1,(anonymous_0)
FNDA:5,(anonymous_1)
FNDA:6,(anonymous_2)
FNDA:0,(anonymous_3)
FNDA:3,(anonymous_4)
FNDA:3,(anonymous_5)
FNDA:2,(anonymous_6)
FNDA:2,(anonymous_7)
DA:15,1
DA:17,1
DA:21,5
DA:22,6
DA:23,0
DA:24,3
DA:25,2
DA:26,2
DA:27,2
DA:28,2
DA:29,1
DA:31,1
LF:12
LH:11
BRDA:26,0,0,0
BRDA:26,0,1,2
BRDA:28,1,0,1
BRDA:28,1,1,1
BRF:4
BRH:3
end_of_record
TN:
SF:stores\useUIStore.ts
FN:26,(anonymous_0)
FN:30,(anonymous_1)
FN:31,(anonymous_2)
FN:31,(anonymous_3)
FN:32,(anonymous_4)
FN:33,(anonymous_5)
FN:36,(anonymous_6)
FN:38,(anonymous_7)
FN:38,(anonymous_8)
FN:38,(anonymous_9)
FN:42,(anonymous_10)
FNF:11
FNH:10
FNDA:1,(anonymous_0)
FNDA:1,(anonymous_1)
FNDA:2,(anonymous_2)
FNDA:2,(anonymous_3)
FNDA:0,(anonymous_4)
FNDA:1,(anonymous_5)
FNDA:1,(anonymous_6)
FNDA:1,(anonymous_7)
FNDA:1,(anonymous_8)
FNDA:1,(anonymous_9)
FNDA:8,(anonymous_10)
DA:24,1
DA:26,1
DA:30,1
DA:31,2
DA:32,0
DA:34,1
DA:35,1
DA:36,1
DA:38,1
DA:42,8
LF:10
LH:9
BRF:0
BRH:0
end_of_record
TN:
SF:stores\useWorkoutStore.ts
FN:40,(anonymous_0)
FN:50,(anonymous_1)
FN:50,(anonymous_2)
FN:54,(anonymous_3)
FN:54,(anonymous_4)
FN:59,(anonymous_5)
FN:59,(anonymous_6)
FN:72,(anonymous_7)
FN:72,(anonymous_8)
FN:73,(anonymous_9)
FN:76,(anonymous_10)
FN:76,(anonymous_11)
FN:77,(anonymous_12)
FN:91,(anonymous_13)
FN:91,(anonymous_14)
FN:93,(anonymous_15)
FN:97,(anonymous_16)
FN:133,(anonymous_17)
FN:133,(anonymous_18)
FN:146,(anonymous_19)
FNF:20
FNH:16
FNDA:1,(anonymous_0)
FNDA:2,(anonymous_1)
FNDA:2,(anonymous_2)
FNDA:1,(anonymous_3)
FNDA:1,(anonymous_4)
FNDA:1,(anonymous_5)
FNDA:1,(anonymous_6)
FNDA:1,(anonymous_7)
FNDA:1,(anonymous_8)
FNDA:3,(anonymous_9)
FNDA:4,(anonymous_10)
FNDA:4,(anonymous_11)
FNDA:8,(anonymous_12)
FNDA:0,(anonymous_13)
FNDA:0,(anonymous_14)
FNDA:0,(anonymous_15)
FNDA:0,(anonymous_16)
FNDA:8,(anonymous_17)
FNDA:8,(anonymous_18)
FNDA:17,(anonymous_19)
DA:38,1
DA:40,1
DA:50,2
DA:51,2
DA:54,1
DA:55,1
DA:56,1
DA:59,1
DA:60,1
DA:61,1
DA:62,1
DA:72,1
DA:73,3
DA:76,4
DA:77,8
DA:78,4
DA:79,4
DA:83,4
DA:84,4
DA:85,2
DA:86,2
DA:91,0
DA:94,0
DA:95,0
DA:97,0
DA:99,0
DA:101,0
DA:106,0
DA:109,0
DA:114,0
DA:117,0
DA:118,0
DA:119,0
DA:126,0
DA:128,0
DA:129,0
DA:133,8
DA:134,8
DA:135,8
DA:136,8
DA:141,8
DA:146,17
LF:42
LH:27
BRDA:61,0,0,1
BRDA:61,0,1,0
BRDA:64,1,0,1
BRDA:64,1,1,0
BRDA:65,2,0,1
BRDA:65,2,1,0
BRDA:78,3,0,4
BRDA:78,3,1,0
BRDA:79,4,0,0
BRDA:79,4,1,4
BRDA:79,5,0,4
BRDA:79,5,1,0
BRDA:84,6,0,2
BRDA:84,6,1,2
BRDA:84,7,0,4
BRDA:84,7,1,2
BRDA:95,8,0,0
BRDA:95,8,1,0
BRDA:95,9,0,0
BRDA:95,9,1,0
BRF:20
BRH:10
end_of_record
